2026-07-06T22:55:23.436+0900 [DEBUG] [org.gradle.launcher.daemon.bootstrap.DaemonMain] Assuming the daemon was started with following jvm opts: [-XX:MaxMetaspaceSize=384m, -XX:+HeapDumpOnOutOfMemoryError, -Xms256m, -Xmx512m, -Dfile.encoding=UTF-8, -Duser.country=KR, -Duser.language=ko, -Duser.variant]
2026-07-06T22:55:23.500+0900 [DEBUG] [org.gradle.internal.remote.internal.inet.InetAddresses] Adding IP addresses for network interface utun3
2026-07-06T22:55:23.501+0900 [DEBUG] [org.gradle.internal.remote.internal.inet.InetAddresses] Is this a loopback interface? false
2026-07-06T22:55:23.501+0900 [DEBUG] [org.gradle.internal.remote.internal.inet.InetAddresses] Adding remote address /fe80:0:0:0:ce81:b1c:bd2c:69e%utun3
2026-07-06T22:55:23.501+0900 [DEBUG] [org.gradle.internal.remote.internal.inet.InetAddresses] Adding IP addresses for network interface utun2
2026-07-06T22:55:23.501+0900 [DEBUG] [org.gradle.internal.remote.internal.inet.InetAddresses] Is this a loopback interface? false
2026-07-06T22:55:23.502+0900 [DEBUG] [org.gradle.internal.remote.internal.inet.InetAddresses] Adding remote address /fe80:0:0:0:335:4043:fe25:74e3%utun2
2026-07-06T22:55:23.502+0900 [DEBUG] [org.gradle.internal.remote.internal.inet.InetAddresses] Adding IP addresses for network interface utun1
2026-07-06T22:55:23.502+0900 [DEBUG] [org.gradle.internal.remote.internal.inet.InetAddresses] Is this a loopback interface? false
2026-07-06T22:55:23.502+0900 [DEBUG] [org.gradle.internal.remote.internal.inet.InetAddresses] Adding remote address /fe80:0:0:0:e821:ca88:e5b6:ab3%utun1
2026-07-06T22:55:23.502+0900 [DEBUG] [org.gradle.internal.remote.internal.inet.InetAddresses] Adding IP addresses for network interface llw0
2026-07-06T22:55:23.502+0900 [DEBUG] [org.gradle.internal.remote.internal.inet.InetAddresses] Is this a loopback interface? false
2026-07-06T22:55:23.503+0900 [DEBUG] [org.gradle.internal.remote.internal.inet.InetAddresses] Adding remote address /fe80:0:0:0:303c:12ff:fe6c:a366%llw0
2026-07-06T22:55:23.503+0900 [DEBUG] [org.gradle.internal.remote.internal.inet.InetAddresses] Adding IP addresses for network interface awdl0
2026-07-06T22:55:23.503+0900 [DEBUG] [org.gradle.internal.remote.internal.inet.InetAddresses] Is this a loopback interface? false
2026-07-06T22:55:23.503+0900 [DEBUG] [org.gradle.internal.remote.internal.inet.InetAddresses] Adding remote address /fe80:0:0:0:303c:12ff:fe6c:a366%awdl0
2026-07-06T22:55:23.503+0900 [DEBUG] [org.gradle.internal.remote.internal.inet.InetAddresses] Adding IP addresses for network interface utun0
2026-07-06T22:55:23.503+0900 [DEBUG] [org.gradle.internal.remote.internal.inet.InetAddresses] Is this a loopback interface? false
2026-07-06T22:55:23.503+0900 [DEBUG] [org.gradle.internal.remote.internal.inet.InetAddresses] Adding remote address /fe80:0:0:0:22a4:85a2:9206:3210%utun0
2026-07-06T22:55:23.504+0900 [DEBUG] [org.gradle.internal.remote.internal.inet.InetAddresses] Adding IP addresses for network interface en0
2026-07-06T22:55:23.504+0900 [DEBUG] [org.gradle.internal.remote.internal.inet.InetAddresses] Is this a loopback interface? false
2026-07-06T22:55:23.504+0900 [DEBUG] [org.gradle.internal.remote.internal.inet.InetAddresses] Adding remote address /fe80:0:0:0:ceb:115e:174f:2f06%en0
2026-07-06T22:55:23.504+0900 [DEBUG] [org.gradle.internal.remote.internal.inet.InetAddresses] Adding remote address /172.30.1.48
2026-07-06T22:55:23.504+0900 [DEBUG] [org.gradle.internal.remote.internal.inet.InetAddresses] Adding IP addresses for network interface lo0
2026-07-06T22:55:23.505+0900 [DEBUG] [org.gradle.internal.remote.internal.inet.InetAddresses] Is this a loopback interface? true
2026-07-06T22:55:23.505+0900 [DEBUG] [org.gradle.internal.remote.internal.inet.InetAddresses] Ignoring remote address on loopback interface /fe80:0:0:0:0:0:0:1%lo0
2026-07-06T22:55:23.505+0900 [DEBUG] [org.gradle.internal.remote.internal.inet.InetAddresses] Adding loopback address /0:0:0:0:0:0:0:1%lo0
2026-07-06T22:55:23.505+0900 [DEBUG] [org.gradle.internal.remote.internal.inet.InetAddresses] Adding loopback address /127.0.0.1
2026-07-06T22:55:23.552+0900 [INFO] [org.gradle.launcher.daemon.server.Daemon] start() called on daemon - DefaultDaemonContext[uid=064c217e-4c95-4df2-ab99-3ef612e27e2b,javaHome=/Library/Java/JavaVirtualMachines/jdk-21.jdk/Contents/Home,javaVersion=21,javaVendor=Oracle Corporation,daemonRegistryDir=/Users/a1111/Desktop/ggukbi_Daniel/spring/workspace/Groupware_Chat/.gradle-cache/daemon,pid=66744,idleTimeout=120000,priority=NORMAL,applyInstrumentationAgent=true,nativeServicesMode=ENABLED,daemonOpts=-XX:MaxMetaspaceSize=384m,-XX:+HeapDumpOnOutOfMemoryError,-Xms256m,-Xmx512m,-Dfile.encoding=UTF-8,-Duser.country=KR,-Duser.language=ko,-Duser.variant]
2026-07-06T22:55:23.556+0900 [DEBUG] [org.gradle.internal.remote.internal.inet.TcpIncomingConnector] Listening on [44e401a0-5e4a-44dc-bd3c-503d51859665 port:52176, addresses:[localhost/127.0.0.1]].
2026-07-06T22:55:23.564+0900 [DEBUG] [org.gradle.launcher.daemon.server.Daemon] Daemon starting at: Mon Jul 06 22:55:23 KST 2026, with address: [44e401a0-5e4a-44dc-bd3c-503d51859665 port:52176, addresses:[localhost/127.0.0.1]]
2026-07-06T22:55:23.565+0900 [INFO] [org.gradle.launcher.daemon.server.DaemonRegistryUpdater] Advertising the daemon address to the clients: [44e401a0-5e4a-44dc-bd3c-503d51859665 port:52176, addresses:[localhost/127.0.0.1]]
2026-07-06T22:55:23.565+0900 [DEBUG] [org.gradle.launcher.daemon.server.DaemonRegistryUpdater] Advertised daemon context: DefaultDaemonContext[uid=064c217e-4c95-4df2-ab99-3ef612e27e2b,javaHome=/Library/Java/JavaVirtualMachines/jdk-21.jdk/Contents/Home,javaVersion=21,javaVendor=Oracle Corporation,daemonRegistryDir=/Users/a1111/Desktop/ggukbi_Daniel/spring/workspace/Groupware_Chat/.gradle-cache/daemon,pid=66744,idleTimeout=120000,priority=NORMAL,applyInstrumentationAgent=true,nativeServicesMode=ENABLED,daemonOpts=-XX:MaxMetaspaceSize=384m,-XX:+HeapDumpOnOutOfMemoryError,-Xms256m,-Xmx512m,-Dfile.encoding=UTF-8,-Duser.country=KR,-Duser.language=ko,-Duser.variant]
2026-07-06T22:55:23.565+0900 [DEBUG] [org.gradle.launcher.daemon.registry.PersistentDaemonRegistry] Storing daemon address: [44e401a0-5e4a-44dc-bd3c-503d51859665 port:52176, addresses:[localhost/127.0.0.1]], context: DefaultDaemonContext[uid=064c217e-4c95-4df2-ab99-3ef612e27e2b,javaHome=/Library/Java/JavaVirtualMachines/jdk-21.jdk/Contents/Home,javaVersion=21,javaVendor=Oracle Corporation,daemonRegistryDir=/Users/a1111/Desktop/ggukbi_Daniel/spring/workspace/Groupware_Chat/.gradle-cache/daemon,pid=66744,idleTimeout=120000,priority=NORMAL,applyInstrumentationAgent=true,nativeServicesMode=ENABLED,daemonOpts=-XX:MaxMetaspaceSize=384m,-XX:+HeapDumpOnOutOfMemoryError,-Xms256m,-Xmx512m,-Dfile.encoding=UTF-8,-Duser.country=KR,-Duser.language=ko,-Duser.variant]
2026-07-06T22:55:23.568+0900 [DEBUG] [org.gradle.cache.internal.DefaultFileLockManager] Waiting to acquire exclusive lock on daemon addresses registry.
2026-07-06T22:55:23.570+0900 [DEBUG] [org.gradle.cache.internal.DefaultFileLockManager] Lock acquired on daemon addresses registry.
2026-07-06T22:55:23.573+0900 [DEBUG] [org.gradle.cache.internal.DefaultFileLockManager] Releasing lock on daemon addresses registry.
2026-07-06T22:55:23.573+0900 [LIFECYCLE] [org.gradle.launcher.daemon.server.Daemon] Daemon server started.
2026-07-06T22:55:23.573+0900 [DEBUG] [org.gradle.launcher.daemon.bootstrap.DaemonStartupCommunication] Completed writing the daemon greeting. Closing streams...
2026-07-06T22:55:23.577+0900 [DEBUG] [org.gradle.launcher.daemon.server.Daemon] stopOnExpiration() called on daemon
2026-07-06T22:55:23.578+0900 [DEBUG] [org.gradle.launcher.daemon.server.Daemon] awaitExpiration() called on daemon
2026-07-06T22:55:23.578+0900 [DEBUG] [org.gradle.launcher.daemon.server.DaemonStateCoordinator] daemon is running. Sleeping until state changes.
2026-07-06T22:55:23.585+0900 [DEBUG] [org.gradle.internal.remote.internal.inet.TcpIncomingConnector] Accepted connection from /127.0.0.1:52177 to /127.0.0.1:52176.
2026-07-06T22:55:23.604+0900 [DEBUG] [org.gradle.launcher.daemon.server.SynchronizedDispatchConnection] thread 32: received class org.gradle.launcher.daemon.protocol.Build
2026-07-06T22:55:23.604+0900 [DEBUG] [org.gradle.launcher.daemon.server.DefaultDaemonConnection] thread 32: Received non-IO message from client: Build{id=d818f4fb-3fa7-4e0b-b09c-335eb20f9568, currentDir=/Users/a1111/Desktop/ggukbi_Daniel/spring/workspace/Groupware_Chat}
2026-07-06T22:55:23.604+0900 [INFO] [org.gradle.launcher.daemon.server.DefaultIncomingConnectionHandler] Received command: Build{id=d818f4fb-3fa7-4e0b-b09c-335eb20f9568, currentDir=/Users/a1111/Desktop/ggukbi_Daniel/spring/workspace/Groupware_Chat}.
2026-07-06T22:55:23.605+0900 [DEBUG] [org.gradle.launcher.daemon.server.DefaultIncomingConnectionHandler] Starting executing command: Build{id=d818f4fb-3fa7-4e0b-b09c-335eb20f9568, currentDir=/Users/a1111/Desktop/ggukbi_Daniel/spring/workspace/Groupware_Chat} with connection: socket connection from /127.0.0.1:52176 to /127.0.0.1:52177.
2026-07-06T22:55:23.606+0900 [DEBUG] [org.gradle.launcher.daemon.server.DaemonStateCoordinator] Command execution: started DaemonCommandExecution[command = Build{id=d818f4fb-3fa7-4e0b-b09c-335eb20f9568, currentDir=/Users/a1111/Desktop/ggukbi_Daniel/spring/workspace/Groupware_Chat}, connection = DefaultDaemonConnection: socket connection from /127.0.0.1:52176 to /127.0.0.1:52177] after 8.666666666666666E-4 minutes of idle
2026-07-06T22:55:23.606+0900 [INFO] [org.gradle.launcher.daemon.server.DaemonRegistryUpdater] Marking the daemon as busy, address: [44e401a0-5e4a-44dc-bd3c-503d51859665 port:52176, addresses:[localhost/127.0.0.1]]
2026-07-06T22:55:23.606+0900 [DEBUG] [org.gradle.launcher.daemon.registry.PersistentDaemonRegistry] Marking busy by address: [44e401a0-5e4a-44dc-bd3c-503d51859665 port:52176, addresses:[localhost/127.0.0.1]]
2026-07-06T22:55:23.606+0900 [DEBUG] [org.gradle.cache.internal.DefaultFileLockManager] Waiting to acquire exclusive lock on daemon addresses registry.
2026-07-06T22:55:23.607+0900 [DEBUG] [org.gradle.cache.internal.DefaultFileLockManager] Lock acquired on daemon addresses registry.
2026-07-06T22:55:23.607+0900 [DEBUG] [org.gradle.cache.internal.DefaultFileLockManager] Releasing lock on daemon addresses registry.
2026-07-06T22:55:23.607+0900 [DEBUG] [org.gradle.launcher.daemon.server.DaemonStateCoordinator] resetting idle timer
2026-07-06T22:55:23.608+0900 [DEBUG] [org.gradle.launcher.daemon.server.DaemonStateCoordinator] daemon is running. Sleeping until state changes.
2026-07-06T22:55:23.608+0900 [INFO] [org.gradle.launcher.daemon.server.exec.StartBuildOrRespondWithBusy] Daemon is about to start building Build{id=d818f4fb-3fa7-4e0b-b09c-335eb20f9568, currentDir=/Users/a1111/Desktop/ggukbi_Daniel/spring/workspace/Groupware_Chat}. Dispatching build started information...
2026-07-06T22:55:23.608+0900 [DEBUG] [org.gradle.launcher.daemon.server.SynchronizedDispatchConnection] thread 34: dispatching org.gradle.launcher.daemon.protocol.BuildStarted@2fd38b4b
2026-07-06T22:55:23.609+0900 [DEBUG] [org.gradle.launcher.daemon.server.exec.EstablishBuildEnvironment] Configuring env variables: [PATH, MallocNanoZone, GIT_PAGER, JAVA_HOME, RUST_LOG, TERM, CODEX_SHELL, LANG, COMMAND_MODE, GH_PAGER, GRADLE_USER_HOME, COLORTERM, LOGNAME, CODEX_THREAD_ID, NO_COLOR, XPC_SERVICE_NAME, PWD, __CFBundleIdentifier, CODEX_CI, CODEX_INTERNAL_ORIGINATOR_OVERRIDE, SHELL, CODEX_SANDBOX_NETWORK_DISABLED, DISABLE_AUTO_UPDATE, PAGER, USER, TMPDIR, ZSH_TMUX_AUTOSTART, LOG_FORMAT, SSH_AUTH_SOCK, XPC_FLAGS, LC_ALL, __CF_USER_TEXT_ENCODING, ZSH_TMUX_AUTOSTARTED, LC_CTYPE, SHLVL, HOME]
2026-07-06T22:55:23.611+0900 [DEBUG] [org.gradle.launcher.daemon.server.exec.LogToClient] About to start relaying all logs to the client via the connection.
2026-07-06T22:55:23.611+0900 [INFO] [org.gradle.launcher.daemon.server.exec.LogToClient] The client will now receive all logging from the daemon (pid: 66744). The daemon log file: /Users/a1111/Desktop/ggukbi_Daniel/spring/workspace/Groupware_Chat/.gradle-cache/daemon/9.5.1/daemon-66744.out.log
2026-07-06T22:55:23.612+0900 [DEBUG] [org.gradle.launcher.daemon.server.exec.RequestStopIfSingleUsedDaemon] Requesting daemon stop after processing Build{id=d818f4fb-3fa7-4e0b-b09c-335eb20f9568, currentDir=/Users/a1111/Desktop/ggukbi_Daniel/spring/workspace/Groupware_Chat}
2026-07-06T22:55:23.612+0900 [LIFECYCLE] [org.gradle.launcher.daemon.server.DaemonStateCoordinator] Daemon will be stopped at the end of the build 
2026-07-06T22:55:23.612+0900 [DEBUG] [org.gradle.launcher.daemon.server.DaemonStateCoordinator] Stop as soon as idle requested. The daemon is busy
2026-07-06T22:55:23.612+0900 [DEBUG] [org.gradle.launcher.daemon.server.DaemonStateCoordinator] daemon stop has been requested. Sleeping until state changes.
2026-07-06T22:55:23.614+0900 [DEBUG] [org.gradle.launcher.daemon.server.exec.ExecuteBuild] The daemon has started executing the build.
2026-07-06T22:55:23.614+0900 [DEBUG] [org.gradle.launcher.daemon.server.exec.ExecuteBuild] Executing build with daemon context: DefaultDaemonContext[uid=064c217e-4c95-4df2-ab99-3ef612e27e2b,javaHome=/Library/Java/JavaVirtualMachines/jdk-21.jdk/Contents/Home,javaVersion=21,javaVendor=Oracle Corporation,daemonRegistryDir=/Users/a1111/Desktop/ggukbi_Daniel/spring/workspace/Groupware_Chat/.gradle-cache/daemon,pid=66744,idleTimeout=120000,priority=NORMAL,applyInstrumentationAgent=true,nativeServicesMode=ENABLED,daemonOpts=-XX:MaxMetaspaceSize=384m,-XX:+HeapDumpOnOutOfMemoryError,-Xms256m,-Xmx512m,-Dfile.encoding=UTF-8,-Duser.country=KR,-Duser.language=ko,-Duser.variant]
Java HotSpot(TM) 64-Bit Server VM warning: Sharing is only supported for boot loader classes because bootstrap classpath has been appended
2026-07-06T22:55:28.203+09:00  INFO 66930 --- [Groupware_Chat] [ionShutdownHook] o.s.m.s.b.SimpleBrokerMessageHandler     : Stopping...
2026-07-06T22:55:28.203+09:00  INFO 66930 --- [Groupware_Chat] [ionShutdownHook] o.s.m.s.b.SimpleBrokerMessageHandler     : BrokerAvailabilityEvent[available=false, SimpleBrokerMessageHandler [org.springframework.messaging.simp.broker.DefaultSubscriptionRegistry@5341641d]]
2026-07-06T22:55:28.203+09:00  INFO 66930 --- [Groupware_Chat] [ionShutdownHook] o.s.m.s.b.SimpleBrokerMessageHandler     : Stopped.

BUILD SUCCESSFUL in 5s
4 actionable tasks: 2 executed, 2 up-to-date
Consider enabling configuration cache to speed up this build: https://docs.gradle.org/9.5.1/userguide/configuration_cache_enabling.html
2026-07-06T22:55:28.299+0900 [DEBUG] [org.gradle.launcher.daemon.server.exec.ExecuteBuild] The daemon has finished executing the build.
2026-07-06T22:55:28.312+0900 [DEBUG] [org.gradle.launcher.daemon.server.DaemonStateCoordinator] daemon stop has been requested. Sleeping until state changes.
2026-07-06T22:55:28.313+0900 [DEBUG] [org.gradle.launcher.daemon.server.DaemonStateCoordinator] Command execution: finished waiting for DaemonCommandExecution[command = Build{id=d818f4fb-3fa7-4e0b-b09c-335eb20f9568, currentDir=/Users/a1111/Desktop/ggukbi_Daniel/spring/workspace/Groupware_Chat}, connection = DefaultDaemonConnection: socket connection from /127.0.0.1:52176 to /127.0.0.1:52177]. Result org.gradle.launcher.daemon.server.DaemonStateCoordinator@71436bd2 with state StopRequested
2026-07-06T22:55:28.313+0900 [DEBUG] [org.gradle.launcher.daemon.server.DaemonStateCoordinator] Command execution: completed DaemonCommandExecution[command = Build{id=d818f4fb-3fa7-4e0b-b09c-335eb20f9568, currentDir=/Users/a1111/Desktop/ggukbi_Daniel/spring/workspace/Groupware_Chat}, connection = DefaultDaemonConnection: socket connection from /127.0.0.1:52176 to /127.0.0.1:52177]
2026-07-06T22:55:28.313+0900 [DEBUG] [org.gradle.launcher.daemon.server.DaemonStateCoordinator] resetting idle timer
2026-07-06T22:55:28.313+0900 [DEBUG] [org.gradle.launcher.daemon.server.DaemonStateCoordinator] Marking daemon stopped due to command completed and stop requested. The daemon is not running a build
2026-07-06T22:55:28.313+0900 [DEBUG] [org.gradle.launcher.daemon.server.DaemonStateCoordinator] daemon has stopped.
2026-07-06T22:55:28.313+0900 [DEBUG] [org.gradle.launcher.daemon.server.exec.ReturnResult] Daemon is dispatching the build result: Success[value=org.gradle.launcher.exec.BuildActionResult@501a0aaf]
2026-07-06T22:55:28.313+0900 [DEBUG] [org.gradle.launcher.daemon.server.SynchronizedDispatchConnection] thread 31: dispatching Success[value=org.gradle.launcher.exec.BuildActionResult@501a0aaf]
2026-07-06T22:55:28.313+0900 [DEBUG] [org.gradle.launcher.daemon.server.Daemon] stop() called on daemon
2026-07-06T22:55:28.313+0900 [INFO] [org.gradle.launcher.daemon.server.Daemon] Stop requested. Daemon is removing its presence from the registry...
2026-07-06T22:55:28.313+0900 [DEBUG] [org.gradle.launcher.daemon.server.DaemonRegistryUpdater] Removing our presence to clients, eg. removing this address from the registry: [44e401a0-5e4a-44dc-bd3c-503d51859665 port:52176, addresses:[localhost/127.0.0.1]]
2026-07-06T22:55:28.313+0900 [DEBUG] [org.gradle.launcher.daemon.registry.PersistentDaemonRegistry] Removing daemon address: [44e401a0-5e4a-44dc-bd3c-503d51859665 port:52176, addresses:[localhost/127.0.0.1]]
2026-07-06T22:55:28.314+0900 [DEBUG] [org.gradle.cache.internal.DefaultFileLockManager] Waiting to acquire exclusive lock on daemon addresses registry.
2026-07-06T22:55:28.314+0900 [DEBUG] [org.gradle.launcher.daemon.server.exec.CleanUpVirtualFileSystemAfterBuild] Cleaning virtual file system after build finished
2026-07-06T22:55:28.314+0900 [DEBUG] [org.gradle.launcher.daemon.server.DefaultIncomingConnectionHandler] Finishing executing command: Build{id=d818f4fb-3fa7-4e0b-b09c-335eb20f9568, currentDir=/Users/a1111/Desktop/ggukbi_Daniel/spring/workspace/Groupware_Chat}
2026-07-06T22:55:28.314+0900 [DEBUG] [org.gradle.cache.internal.DefaultFileLockManager] Lock acquired on daemon addresses registry.
2026-07-06T22:55:28.314+0900 [DEBUG] [org.gradle.launcher.daemon.server.SynchronizedDispatchConnection] thread 32: received class org.gradle.launcher.daemon.protocol.CloseInput
2026-07-06T22:55:28.315+0900 [DEBUG] [org.gradle.launcher.daemon.server.DefaultDaemonConnection] thread 32: Received IO message from client: org.gradle.launcher.daemon.protocol.CloseInput@2232520d
2026-07-06T22:55:28.315+0900 [DEBUG] [org.gradle.launcher.daemon.server.SynchronizedDispatchConnection] thread 32: received class org.gradle.launcher.daemon.protocol.Finished
2026-07-06T22:55:28.315+0900 [DEBUG] [org.gradle.launcher.daemon.server.DefaultDaemonConnection] thread 32: Received non-IO message from client: org.gradle.launcher.daemon.protocol.Finished@e3a994f
2026-07-06T22:55:28.315+0900 [DEBUG] [org.gradle.cache.internal.DefaultFileLockManager] Releasing lock on daemon addresses registry.
2026-07-06T22:55:28.315+0900 [DEBUG] [org.gradle.launcher.daemon.server.DefaultIncomingConnectionHandler] Received finished message: org.gradle.launcher.daemon.protocol.Finished@e3a994f
2026-07-06T22:55:28.315+0900 [DEBUG] [org.gradle.launcher.daemon.server.SynchronizedDispatchConnection] thread 31: stopping connection
2026-07-06T22:55:28.315+0900 [DEBUG] [org.gradle.launcher.daemon.server.DaemonRegistryUpdater] Address removed from registry.
2026-07-06T22:55:28.316+0900 [DEBUG] [org.gradle.internal.remote.internal.inet.SocketConnection] Discarding EOFException: java.io.EOFException
2026-07-06T22:55:28.317+0900 [DEBUG] [org.gradle.launcher.daemon.server.SynchronizedDispatchConnection] thread 32: received null
2026-07-06T22:55:28.317+0900 [DEBUG] [org.gradle.launcher.daemon.server.DefaultDaemonConnection] thread 32: Received end-of-input from client.
2026-07-06T22:55:28.317+0900 [DEBUG] [org.gradle.launcher.daemon.server.SynchronizedDispatchConnection] thread 31: stopping connection
2026-07-06T22:55:28.318+0900 [DEBUG] [org.gradle.cache.internal.LockOnDemandCrossProcessCacheAccess] Releasing file lock for jars (/Users/a1111/Desktop/ggukbi_Daniel/spring/workspace/Groupware_Chat/.gradle-cache/caches/jars-9)
2026-07-06T22:55:28.318+0900 [DEBUG] [org.gradle.cache.internal.DefaultFileLockManager] Releasing lock on jars (/Users/a1111/Desktop/ggukbi_Daniel/spring/workspace/Groupware_Chat/.gradle-cache/caches/jars-9).
2026-07-06T22:55:28.319+0900 [DEBUG] [org.gradle.cache.internal.DefaultCacheCleanupExecutor] jars (/Users/a1111/Desktop/ggukbi_Daniel/spring/workspace/Groupware_Chat/.gradle-cache/caches/jars-9) has last been fully cleaned up 0 hours ago
2026-07-06T22:55:28.319+0900 [DEBUG] [org.gradle.cache.internal.DefaultCacheCleanupExecutor] Skipping cleanup for jars (/Users/a1111/Desktop/ggukbi_Daniel/spring/workspace/Groupware_Chat/.gradle-cache/caches/jars-9) as it is not yet due
2026-07-06T22:55:28.319+0900 [DEBUG] [org.gradle.cache.internal.LockOnDemandCrossProcessCacheAccess] Releasing file lock for file content cache (/Users/a1111/Desktop/ggukbi_Daniel/spring/workspace/Groupware_Chat/.gradle-cache/caches/9.5.1/fileContent)
2026-07-06T22:55:28.319+0900 [DEBUG] [org.gradle.cache.internal.DefaultFileLockManager] Releasing lock on file content cache (/Users/a1111/Desktop/ggukbi_Daniel/spring/workspace/Groupware_Chat/.gradle-cache/caches/9.5.1/fileContent).
2026-07-06T22:55:28.320+0900 [DEBUG] [org.gradle.internal.watch.vfs.impl.WatchingVirtualFileSystem] Closing VFS, dropping state
2026-07-06T22:55:28.320+0900 [DEBUG] [org.gradle.cache.internal.DefaultCacheCoordinator] Cache Generated Gradle JARs cache (/Users/a1111/Desktop/ggukbi_Daniel/spring/workspace/Groupware_Chat/.gradle-cache/caches/9.5.1/generated-gradle-jars) was closed 0 times.
2026-07-06T22:55:28.320+0900 [DEBUG] [org.gradle.internal.watch.registry.impl.DefaultFileWatcherRegistry] Finished listening to file system change events
2026-07-06T22:55:28.321+0900 [DEBUG] [org.gradle.cache.internal.LockOnDemandCrossProcessCacheAccess] Releasing file lock for artifact cache (/Users/a1111/Desktop/ggukbi_Daniel/spring/workspace/Groupware_Chat/.gradle-cache/caches/modules-2)
2026-07-06T22:55:28.321+0900 [DEBUG] [org.gradle.cache.internal.btree.BTreePersistentIndexedCache] Closing cache module-artifact.bin (/Users/a1111/Desktop/ggukbi_Daniel/spring/workspace/Groupware_Chat/.gradle-cache/caches/modules-2/metadata-2.107/module-artifact.bin)
2026-07-06T22:55:28.321+0900 [DEBUG] [org.gradle.cache.internal.btree.BTreePersistentIndexedCache] Closing cache module-metadata.bin (/Users/a1111/Desktop/ggukbi_Daniel/spring/workspace/Groupware_Chat/.gradle-cache/caches/modules-2/metadata-2.107/module-metadata.bin)
2026-07-06T22:55:28.321+0900 [DEBUG] [org.gradle.cache.internal.DefaultFileLockManager] Releasing lock on artifact cache (/Users/a1111/Desktop/ggukbi_Daniel/spring/workspace/Groupware_Chat/.gradle-cache/caches/modules-2).
2026-07-06T22:55:28.321+0900 [DEBUG] [org.gradle.cache.internal.DefaultCacheCleanupExecutor] artifact cache (/Users/a1111/Desktop/ggukbi_Daniel/spring/workspace/Groupware_Chat/.gradle-cache/caches/modules-2) has last been fully cleaned up 0 hours ago
2026-07-06T22:55:28.321+0900 [DEBUG] [org.gradle.cache.internal.DefaultCacheCleanupExecutor] Skipping cleanup for artifact cache (/Users/a1111/Desktop/ggukbi_Daniel/spring/workspace/Groupware_Chat/.gradle-cache/caches/modules-2) as it is not yet due
2026-07-06T22:55:28.321+0900 [DEBUG] [org.gradle.cache.internal.DefaultCacheCleanupExecutor] groovy-dsl has last been fully cleaned up 0 hours ago
2026-07-06T22:55:28.322+0900 [DEBUG] [org.gradle.cache.internal.DefaultCacheCleanupExecutor] Skipping cleanup for groovy-dsl as it is not yet due
2026-07-06T22:55:28.322+0900 [DEBUG] [org.gradle.cache.internal.DefaultCacheCleanupExecutor] Artifact transforms cache has last been fully cleaned up 0 hours ago
2026-07-06T22:55:28.322+0900 [DEBUG] [org.gradle.cache.internal.DefaultCacheCleanupExecutor] Skipping cleanup for Artifact transforms cache as it is not yet due
2026-07-06T22:55:28.322+0900 [DEBUG] [org.gradle.cache.internal.LockOnDemandCrossProcessCacheAccess] Releasing file lock for journal cache (/Users/a1111/Desktop/ggukbi_Daniel/spring/workspace/Groupware_Chat/.gradle-cache/caches/journal-1)
2026-07-06T22:55:28.322+0900 [DEBUG] [org.gradle.cache.internal.btree.BTreePersistentIndexedCache] Closing cache file-access.bin (/Users/a1111/Desktop/ggukbi_Daniel/spring/workspace/Groupware_Chat/.gradle-cache/caches/journal-1/file-access.bin)
2026-07-06T22:55:28.322+0900 [DEBUG] [org.gradle.cache.internal.DefaultFileLockManager] Releasing lock on journal cache (/Users/a1111/Desktop/ggukbi_Daniel/spring/workspace/Groupware_Chat/.gradle-cache/caches/journal-1).
2026-07-06T22:55:28.323+0900 [DEBUG] [org.gradle.cache.internal.LockOnDemandCrossProcessCacheAccess] Releasing file lock for file hash cache (/Users/a1111/Desktop/ggukbi_Daniel/spring/workspace/Groupware_Chat/.gradle-cache/caches/9.5.1/fileHashes)
2026-07-06T22:55:28.323+0900 [DEBUG] [org.gradle.cache.internal.btree.BTreePersistentIndexedCache] Closing cache fileHashes.bin (/Users/a1111/Desktop/ggukbi_Daniel/spring/workspace/Groupware_Chat/.gradle-cache/caches/9.5.1/fileHashes/fileHashes.bin)
2026-07-06T22:55:28.323+0900 [DEBUG] [org.gradle.cache.internal.btree.BTreePersistentIndexedCache] Closing cache resourceHashesCache.bin (/Users/a1111/Desktop/ggukbi_Daniel/spring/workspace/Groupware_Chat/.gradle-cache/caches/9.5.1/fileHashes/resourceHashesCache.bin)
2026-07-06T22:55:28.323+0900 [DEBUG] [org.gradle.cache.internal.DefaultFileLockManager] Releasing lock on file hash cache (/Users/a1111/Desktop/ggukbi_Daniel/spring/workspace/Groupware_Chat/.gradle-cache/caches/9.5.1/fileHashes).
2026-07-06T22:55:28.323+0900 [DEBUG] [org.gradle.internal.operations.DefaultBuildOperationRunner] Build operation 'Deleting unused version-specific caches in /Users/a1111/Desktop/ggukbi_Daniel/spring/workspace/Groupware_Chat/.gradle-cache/caches' started
2026-07-06T22:55:28.323+0900 [DEBUG] [org.gradle.internal.operations.DefaultBuildOperationRunner] Completing Build operation 'Deleting unused version-specific caches in /Users/a1111/Desktop/ggukbi_Daniel/spring/workspace/Groupware_Chat/.gradle-cache/caches'
2026-07-06T22:55:28.323+0900 [DEBUG] [org.gradle.internal.operations.DefaultBuildOperationRunner] Build operation 'Deleting unused version-specific caches in /Users/a1111/Desktop/ggukbi_Daniel/spring/workspace/Groupware_Chat/.gradle-cache/caches' completed
2026-07-06T22:55:28.324+0900 [DEBUG] [org.gradle.launcher.daemon.server.Daemon] stop() called on daemon
2026-07-06T22:55:28.324+0900 [INFO] [org.gradle.launcher.daemon.server.Daemon] Stop requested. Daemon is removing its presence from the registry...
2026-07-06T22:55:28.324+0900 [DEBUG] [org.gradle.launcher.daemon.server.DaemonRegistryUpdater] Removing our presence to clients, eg. removing this address from the registry: [44e401a0-5e4a-44dc-bd3c-503d51859665 port:52176, addresses:[localhost/127.0.0.1]]
2026-07-06T22:55:28.324+0900 [DEBUG] [org.gradle.launcher.daemon.registry.PersistentDaemonRegistry] Removing daemon address: [44e401a0-5e4a-44dc-bd3c-503d51859665 port:52176, addresses:[localhost/127.0.0.1]]
2026-07-06T22:55:28.324+0900 [DEBUG] [org.gradle.cache.internal.DefaultFileLockManager] Waiting to acquire exclusive lock on daemon addresses registry.
2026-07-06T22:55:28.324+0900 [DEBUG] [org.gradle.cache.internal.DefaultFileLockManager] Lock acquired on daemon addresses registry.
2026-07-06T22:55:28.324+0900 [DEBUG] [org.gradle.cache.internal.DefaultFileLockManager] Releasing lock on daemon addresses registry.
2026-07-06T22:55:28.324+0900 [DEBUG] [org.gradle.launcher.daemon.server.DaemonRegistryUpdater] Address removed from registry.
2026-07-06T22:55:28.325+0900 [DEBUG] [org.gradle.cache.internal.locklistener.DefaultFileLockContentionHandler] File lock listener thread completed.
2026-07-06T22:55:28.326+0900 [DEBUG] [java.lang.Runtime] Runtime.exit() called with status: 0
java.lang.Throwable: Runtime.exit(0)
	at java.base/java.lang.Shutdown.logRuntimeExit(Shutdown.java:179)
	at java.base/java.lang.Shutdown.exit(Shutdown.java:160)
	at java.base/java.lang.Runtime.exit(Runtime.java:188)
	at java.base/java.lang.System.exit(System.java:1921)
	at org.gradle.launcher.bootstrap.ProcessCompleter.complete(ProcessCompleter.java:21)
	at org.gradle.launcher.bootstrap.EntryPoint.run(EntryPoint.java:62)
	at java.base/jdk.internal.reflect.DirectMethodHandleAccessor.invoke(DirectMethodHandleAccessor.java:103)
	at java.base/java.lang.reflect.Method.invoke(Method.java:580)
	at org.gradle.launcher.bootstrap.ProcessBootstrap.runNoExit(ProcessBootstrap.java:72)
	at org.gradle.launcher.bootstrap.ProcessBootstrap.run(ProcessBootstrap.java:39)
	at org.gradle.launcher.daemon.bootstrap.GradleDaemon.main(GradleDaemon.java:22)
Daemon vm is shutting down... The daemon has exited normally or was terminated in response to a user interrupt.
2026-07-06T22:55:28.326+0900 [DEBUG] [org.gradle.launcher.daemon.registry.PersistentDaemonRegistry] Removing daemon address: [44e401a0-5e4a-44dc-bd3c-503d51859665 port:52176, addresses:[localhost/127.0.0.1]]
2026-07-06T22:55:28.327+0900 [DEBUG] [org.gradle.launcher.daemon.server.Daemon] VM shutdown hook was unable to remove the daemon address from the registry. It will be cleaned up later.
java.lang.IllegalStateException: Cannot start managing file contention because this handler has been closed.
	at org.gradle.cache.internal.locklistener.DefaultFileLockContentionHandler.assertNotStopped(DefaultFileLockContentionHandler.java:267)
	at org.gradle.cache.internal.locklistener.DefaultFileLockContentionHandler.reservePort(DefaultFileLockContentionHandler.java:312)
	at org.gradle.cache.internal.DefaultFileLockManager.lock(DefaultFileLockManager.java:127)
	at org.gradle.cache.internal.DefaultFileLockManager.lock(DefaultFileLockManager.java:109)
	at org.gradle.cache.internal.DefaultFileLockManager.lock(DefaultFileLockManager.java:104)
	at org.gradle.cache.internal.OnDemandFileAccess.updateFile(OnDemandFileAccess.java:51)
	at org.gradle.cache.internal.FileBackedObjectHolder.update(FileBackedObjectHolder.java:77)
	at org.gradle.cache.internal.FileIntegrityViolationSuppressingObjectHolderDecorator.lambda$update$0(FileIntegrityViolationSuppressingObjectHolderDecorator.java:48)
	at org.gradle.cache.internal.FileIntegrityViolationSuppressingObjectHolderDecorator.doUpdate(FileIntegrityViolationSuppressingObjectHolderDecorator.java:58)
	at org.gradle.cache.internal.FileIntegrityViolationSuppressingObjectHolderDecorator.update(FileIntegrityViolationSuppressingObjectHolderDecorator.java:48)
	at org.gradle.launcher.daemon.registry.PersistentDaemonRegistry.remove(PersistentDaemonRegistry.java:133)
	at org.gradle.launcher.daemon.server.Daemon$1.run(Daemon.java:133)
	at java.base/java.lang.Thread.run(Thread.java:1583)
