2026-07-06T21:59:01.878+0900 [DEBUG] [org.gradle.launcher.daemon.bootstrap.DaemonMain] Assuming the daemon was started with following jvm opts: [-XX:MaxMetaspaceSize=384m, -XX:+HeapDumpOnOutOfMemoryError, -Xms256m, -Xmx512m, -Dfile.encoding=UTF-8, -Duser.country=KR, -Duser.language=ko, -Duser.variant]
2026-07-06T21:59:01.942+0900 [DEBUG] [org.gradle.internal.remote.internal.inet.InetAddresses] Adding IP addresses for network interface utun3
2026-07-06T21:59:01.943+0900 [DEBUG] [org.gradle.internal.remote.internal.inet.InetAddresses] Is this a loopback interface? false
2026-07-06T21:59:01.943+0900 [DEBUG] [org.gradle.internal.remote.internal.inet.InetAddresses] Adding remote address /fe80:0:0:0:ce81:b1c:bd2c:69e%utun3
2026-07-06T21:59:01.943+0900 [DEBUG] [org.gradle.internal.remote.internal.inet.InetAddresses] Adding IP addresses for network interface utun2
2026-07-06T21:59:01.943+0900 [DEBUG] [org.gradle.internal.remote.internal.inet.InetAddresses] Is this a loopback interface? false
2026-07-06T21:59:01.944+0900 [DEBUG] [org.gradle.internal.remote.internal.inet.InetAddresses] Adding remote address /fe80:0:0:0:335:4043:fe25:74e3%utun2
2026-07-06T21:59:01.944+0900 [DEBUG] [org.gradle.internal.remote.internal.inet.InetAddresses] Adding IP addresses for network interface utun1
2026-07-06T21:59:01.944+0900 [DEBUG] [org.gradle.internal.remote.internal.inet.InetAddresses] Is this a loopback interface? false
2026-07-06T21:59:01.944+0900 [DEBUG] [org.gradle.internal.remote.internal.inet.InetAddresses] Adding remote address /fe80:0:0:0:e821:ca88:e5b6:ab3%utun1
2026-07-06T21:59:01.944+0900 [DEBUG] [org.gradle.internal.remote.internal.inet.InetAddresses] Adding IP addresses for network interface llw0
2026-07-06T21:59:01.944+0900 [DEBUG] [org.gradle.internal.remote.internal.inet.InetAddresses] Is this a loopback interface? false
2026-07-06T21:59:01.945+0900 [DEBUG] [org.gradle.internal.remote.internal.inet.InetAddresses] Adding remote address /fe80:0:0:0:303c:12ff:fe6c:a366%llw0
2026-07-06T21:59:01.945+0900 [DEBUG] [org.gradle.internal.remote.internal.inet.InetAddresses] Adding IP addresses for network interface awdl0
2026-07-06T21:59:01.945+0900 [DEBUG] [org.gradle.internal.remote.internal.inet.InetAddresses] Is this a loopback interface? false
2026-07-06T21:59:01.945+0900 [DEBUG] [org.gradle.internal.remote.internal.inet.InetAddresses] Adding remote address /fe80:0:0:0:303c:12ff:fe6c:a366%awdl0
2026-07-06T21:59:01.945+0900 [DEBUG] [org.gradle.internal.remote.internal.inet.InetAddresses] Adding IP addresses for network interface utun0
2026-07-06T21:59:01.946+0900 [DEBUG] [org.gradle.internal.remote.internal.inet.InetAddresses] Is this a loopback interface? false
2026-07-06T21:59:01.946+0900 [DEBUG] [org.gradle.internal.remote.internal.inet.InetAddresses] Adding remote address /fe80:0:0:0:22a4:85a2:9206:3210%utun0
2026-07-06T21:59:01.946+0900 [DEBUG] [org.gradle.internal.remote.internal.inet.InetAddresses] Adding IP addresses for network interface en0
2026-07-06T21:59:01.946+0900 [DEBUG] [org.gradle.internal.remote.internal.inet.InetAddresses] Is this a loopback interface? false
2026-07-06T21:59:01.947+0900 [DEBUG] [org.gradle.internal.remote.internal.inet.InetAddresses] Adding remote address /fe80:0:0:0:ceb:115e:174f:2f06%en0
2026-07-06T21:59:01.947+0900 [DEBUG] [org.gradle.internal.remote.internal.inet.InetAddresses] Adding remote address /172.30.1.48
2026-07-06T21:59:01.947+0900 [DEBUG] [org.gradle.internal.remote.internal.inet.InetAddresses] Adding IP addresses for network interface lo0
2026-07-06T21:59:01.947+0900 [DEBUG] [org.gradle.internal.remote.internal.inet.InetAddresses] Is this a loopback interface? true
2026-07-06T21:59:01.947+0900 [DEBUG] [org.gradle.internal.remote.internal.inet.InetAddresses] Ignoring remote address on loopback interface /fe80:0:0:0:0:0:0:1%lo0
2026-07-06T21:59:01.947+0900 [DEBUG] [org.gradle.internal.remote.internal.inet.InetAddresses] Adding loopback address /0:0:0:0:0:0:0:1%lo0
2026-07-06T21:59:01.947+0900 [DEBUG] [org.gradle.internal.remote.internal.inet.InetAddresses] Adding loopback address /127.0.0.1
2026-07-06T21:59:01.995+0900 [INFO] [org.gradle.launcher.daemon.server.Daemon] start() called on daemon - DefaultDaemonContext[uid=44dc370e-0b0f-4dad-a136-801774c73778,javaHome=/Library/Java/JavaVirtualMachines/jdk-21.jdk/Contents/Home,javaVersion=21,javaVendor=Oracle Corporation,daemonRegistryDir=/Users/a1111/Desktop/ggukbi_Daniel/spring/workspace/Groupware_Chat/.gradle-cache/daemon,pid=36148,idleTimeout=120000,priority=NORMAL,applyInstrumentationAgent=true,nativeServicesMode=ENABLED,daemonOpts=-XX:MaxMetaspaceSize=384m,-XX:+HeapDumpOnOutOfMemoryError,-Xms256m,-Xmx512m,-Dfile.encoding=UTF-8,-Duser.country=KR,-Duser.language=ko,-Duser.variant]
2026-07-06T21:59:01.999+0900 [DEBUG] [org.gradle.internal.remote.internal.inet.TcpIncomingConnector] Listening on [76fdd38a-43cb-4566-9600-ab6c3a285856 port:55269, addresses:[localhost/127.0.0.1]].
2026-07-06T21:59:02.007+0900 [DEBUG] [org.gradle.launcher.daemon.server.Daemon] Daemon starting at: Mon Jul 06 21:59:02 KST 2026, with address: [76fdd38a-43cb-4566-9600-ab6c3a285856 port:55269, addresses:[localhost/127.0.0.1]]
2026-07-06T21:59:02.007+0900 [INFO] [org.gradle.launcher.daemon.server.DaemonRegistryUpdater] Advertising the daemon address to the clients: [76fdd38a-43cb-4566-9600-ab6c3a285856 port:55269, addresses:[localhost/127.0.0.1]]
2026-07-06T21:59:02.008+0900 [DEBUG] [org.gradle.launcher.daemon.server.DaemonRegistryUpdater] Advertised daemon context: DefaultDaemonContext[uid=44dc370e-0b0f-4dad-a136-801774c73778,javaHome=/Library/Java/JavaVirtualMachines/jdk-21.jdk/Contents/Home,javaVersion=21,javaVendor=Oracle Corporation,daemonRegistryDir=/Users/a1111/Desktop/ggukbi_Daniel/spring/workspace/Groupware_Chat/.gradle-cache/daemon,pid=36148,idleTimeout=120000,priority=NORMAL,applyInstrumentationAgent=true,nativeServicesMode=ENABLED,daemonOpts=-XX:MaxMetaspaceSize=384m,-XX:+HeapDumpOnOutOfMemoryError,-Xms256m,-Xmx512m,-Dfile.encoding=UTF-8,-Duser.country=KR,-Duser.language=ko,-Duser.variant]
2026-07-06T21:59:02.008+0900 [DEBUG] [org.gradle.launcher.daemon.registry.PersistentDaemonRegistry] Storing daemon address: [76fdd38a-43cb-4566-9600-ab6c3a285856 port:55269, addresses:[localhost/127.0.0.1]], context: DefaultDaemonContext[uid=44dc370e-0b0f-4dad-a136-801774c73778,javaHome=/Library/Java/JavaVirtualMachines/jdk-21.jdk/Contents/Home,javaVersion=21,javaVendor=Oracle Corporation,daemonRegistryDir=/Users/a1111/Desktop/ggukbi_Daniel/spring/workspace/Groupware_Chat/.gradle-cache/daemon,pid=36148,idleTimeout=120000,priority=NORMAL,applyInstrumentationAgent=true,nativeServicesMode=ENABLED,daemonOpts=-XX:MaxMetaspaceSize=384m,-XX:+HeapDumpOnOutOfMemoryError,-Xms256m,-Xmx512m,-Dfile.encoding=UTF-8,-Duser.country=KR,-Duser.language=ko,-Duser.variant]
2026-07-06T21:59:02.011+0900 [DEBUG] [org.gradle.cache.internal.DefaultFileLockManager] Waiting to acquire exclusive lock on daemon addresses registry.
2026-07-06T21:59:02.013+0900 [DEBUG] [org.gradle.cache.internal.DefaultFileLockManager] Lock acquired on daemon addresses registry.
2026-07-06T21:59:02.016+0900 [DEBUG] [org.gradle.cache.internal.DefaultFileLockManager] Releasing lock on daemon addresses registry.
2026-07-06T21:59:02.016+0900 [LIFECYCLE] [org.gradle.launcher.daemon.server.Daemon] Daemon server started.
2026-07-06T21:59:02.017+0900 [DEBUG] [org.gradle.launcher.daemon.bootstrap.DaemonStartupCommunication] Completed writing the daemon greeting. Closing streams...
2026-07-06T21:59:02.020+0900 [DEBUG] [org.gradle.launcher.daemon.server.Daemon] stopOnExpiration() called on daemon
2026-07-06T21:59:02.021+0900 [DEBUG] [org.gradle.launcher.daemon.server.Daemon] awaitExpiration() called on daemon
2026-07-06T21:59:02.021+0900 [DEBUG] [org.gradle.launcher.daemon.server.DaemonStateCoordinator] daemon is running. Sleeping until state changes.
2026-07-06T21:59:02.028+0900 [DEBUG] [org.gradle.internal.remote.internal.inet.TcpIncomingConnector] Accepted connection from /127.0.0.1:55270 to /127.0.0.1:55269.
2026-07-06T21:59:02.041+0900 [DEBUG] [org.gradle.launcher.daemon.server.SynchronizedDispatchConnection] thread 32: received class org.gradle.launcher.daemon.protocol.Build
2026-07-06T21:59:02.041+0900 [DEBUG] [org.gradle.launcher.daemon.server.DefaultDaemonConnection] thread 32: Received non-IO message from client: Build{id=e1576d7d-a478-4b74-a147-8e358c6b1fc9, currentDir=/Users/a1111/Desktop/ggukbi_Daniel/spring/workspace/Groupware_Chat}
2026-07-06T21:59:02.041+0900 [INFO] [org.gradle.launcher.daemon.server.DefaultIncomingConnectionHandler] Received command: Build{id=e1576d7d-a478-4b74-a147-8e358c6b1fc9, currentDir=/Users/a1111/Desktop/ggukbi_Daniel/spring/workspace/Groupware_Chat}.
2026-07-06T21:59:02.041+0900 [DEBUG] [org.gradle.launcher.daemon.server.DefaultIncomingConnectionHandler] Starting executing command: Build{id=e1576d7d-a478-4b74-a147-8e358c6b1fc9, currentDir=/Users/a1111/Desktop/ggukbi_Daniel/spring/workspace/Groupware_Chat} with connection: socket connection from /127.0.0.1:55269 to /127.0.0.1:55270.
2026-07-06T21:59:02.043+0900 [DEBUG] [org.gradle.launcher.daemon.server.DaemonStateCoordinator] Command execution: started DaemonCommandExecution[command = Build{id=e1576d7d-a478-4b74-a147-8e358c6b1fc9, currentDir=/Users/a1111/Desktop/ggukbi_Daniel/spring/workspace/Groupware_Chat}, connection = DefaultDaemonConnection: socket connection from /127.0.0.1:55269 to /127.0.0.1:55270] after 7.666666666666667E-4 minutes of idle
2026-07-06T21:59:02.043+0900 [INFO] [org.gradle.launcher.daemon.server.DaemonRegistryUpdater] Marking the daemon as busy, address: [76fdd38a-43cb-4566-9600-ab6c3a285856 port:55269, addresses:[localhost/127.0.0.1]]
2026-07-06T21:59:02.043+0900 [DEBUG] [org.gradle.launcher.daemon.registry.PersistentDaemonRegistry] Marking busy by address: [76fdd38a-43cb-4566-9600-ab6c3a285856 port:55269, addresses:[localhost/127.0.0.1]]
2026-07-06T21:59:02.043+0900 [DEBUG] [org.gradle.cache.internal.DefaultFileLockManager] Waiting to acquire exclusive lock on daemon addresses registry.
2026-07-06T21:59:02.044+0900 [DEBUG] [org.gradle.cache.internal.DefaultFileLockManager] Lock acquired on daemon addresses registry.
2026-07-06T21:59:02.044+0900 [DEBUG] [org.gradle.cache.internal.DefaultFileLockManager] Releasing lock on daemon addresses registry.
2026-07-06T21:59:02.044+0900 [DEBUG] [org.gradle.launcher.daemon.server.DaemonStateCoordinator] resetting idle timer
2026-07-06T21:59:02.045+0900 [DEBUG] [org.gradle.launcher.daemon.server.DaemonStateCoordinator] daemon is running. Sleeping until state changes.
2026-07-06T21:59:02.045+0900 [INFO] [org.gradle.launcher.daemon.server.exec.StartBuildOrRespondWithBusy] Daemon is about to start building Build{id=e1576d7d-a478-4b74-a147-8e358c6b1fc9, currentDir=/Users/a1111/Desktop/ggukbi_Daniel/spring/workspace/Groupware_Chat}. Dispatching build started information...
2026-07-06T21:59:02.045+0900 [DEBUG] [org.gradle.launcher.daemon.server.SynchronizedDispatchConnection] thread 34: dispatching org.gradle.launcher.daemon.protocol.BuildStarted@31a11673
2026-07-06T21:59:02.046+0900 [DEBUG] [org.gradle.launcher.daemon.server.exec.EstablishBuildEnvironment] Configuring env variables: [PATH, MallocNanoZone, GIT_PAGER, JAVA_HOME, RUST_LOG, CODEX_SANDBOX, TERM, CODEX_SHELL, LANG, COMMAND_MODE, GH_PAGER, GRADLE_USER_HOME, COLORTERM, LOGNAME, CODEX_THREAD_ID, NO_COLOR, XPC_SERVICE_NAME, PWD, __CFBundleIdentifier, CODEX_CI, CODEX_INTERNAL_ORIGINATOR_OVERRIDE, SHELL, DISABLE_AUTO_UPDATE, PAGER, USER, TMPDIR, ZSH_TMUX_AUTOSTART, LOG_FORMAT, SSH_AUTH_SOCK, XPC_FLAGS, LC_ALL, __CF_USER_TEXT_ENCODING, ZSH_TMUX_AUTOSTARTED, LC_CTYPE, SHLVL, HOME]
2026-07-06T21:59:02.048+0900 [DEBUG] [org.gradle.launcher.daemon.server.exec.LogToClient] About to start relaying all logs to the client via the connection.
2026-07-06T21:59:02.048+0900 [INFO] [org.gradle.launcher.daemon.server.exec.LogToClient] The client will now receive all logging from the daemon (pid: 36148). The daemon log file: /Users/a1111/Desktop/ggukbi_Daniel/spring/workspace/Groupware_Chat/.gradle-cache/daemon/9.5.1/daemon-36148.out.log
2026-07-06T21:59:02.049+0900 [DEBUG] [org.gradle.launcher.daemon.server.exec.RequestStopIfSingleUsedDaemon] Requesting daemon stop after processing Build{id=e1576d7d-a478-4b74-a147-8e358c6b1fc9, currentDir=/Users/a1111/Desktop/ggukbi_Daniel/spring/workspace/Groupware_Chat}
2026-07-06T21:59:02.049+0900 [LIFECYCLE] [org.gradle.launcher.daemon.server.DaemonStateCoordinator] Daemon will be stopped at the end of the build 
2026-07-06T21:59:02.049+0900 [DEBUG] [org.gradle.launcher.daemon.server.DaemonStateCoordinator] Stop as soon as idle requested. The daemon is busy
2026-07-06T21:59:02.049+0900 [DEBUG] [org.gradle.launcher.daemon.server.DaemonStateCoordinator] daemon stop has been requested. Sleeping until state changes.
2026-07-06T21:59:02.051+0900 [DEBUG] [org.gradle.launcher.daemon.server.exec.ExecuteBuild] The daemon has started executing the build.
2026-07-06T21:59:02.051+0900 [DEBUG] [org.gradle.launcher.daemon.server.exec.ExecuteBuild] Executing build with daemon context: DefaultDaemonContext[uid=44dc370e-0b0f-4dad-a136-801774c73778,javaHome=/Library/Java/JavaVirtualMachines/jdk-21.jdk/Contents/Home,javaVersion=21,javaVendor=Oracle Corporation,daemonRegistryDir=/Users/a1111/Desktop/ggukbi_Daniel/spring/workspace/Groupware_Chat/.gradle-cache/daemon,pid=36148,idleTimeout=120000,priority=NORMAL,applyInstrumentationAgent=true,nativeServicesMode=ENABLED,daemonOpts=-XX:MaxMetaspaceSize=384m,-XX:+HeapDumpOnOutOfMemoryError,-Xms256m,-Xmx512m,-Dfile.encoding=UTF-8,-Duser.country=KR,-Duser.language=ko,-Duser.variant]
Caught exception: Could not start the FSEvents stream: /Users/a1111/Desktop/ggukbi_Daniel/spring/workspace/Groupware_Chat
Java HotSpot(TM) 64-Bit Server VM warning: Sharing is only supported for boot loader classes because bootstrap classpath has been appended
2026-07-06T21:59:12.865+09:00  INFO 37149 --- [Groupware_Chat] [ionShutdownHook] o.s.m.s.b.SimpleBrokerMessageHandler     : Stopping...
2026-07-06T21:59:12.865+09:00  INFO 37149 --- [Groupware_Chat] [ionShutdownHook] o.s.m.s.b.SimpleBrokerMessageHandler     : BrokerAvailabilityEvent[available=false, SimpleBrokerMessageHandler [org.springframework.messaging.simp.broker.DefaultSubscriptionRegistry@6de33fde]]
2026-07-06T21:59:12.866+09:00  INFO 37149 --- [Groupware_Chat] [ionShutdownHook] o.s.m.s.b.SimpleBrokerMessageHandler     : Stopped.

BUILD SUCCESSFUL in 11s
4 actionable tasks: 4 executed
Consider enabling configuration cache to speed up this build: https://docs.gradle.org/9.5.1/userguide/configuration_cache_enabling.html
2026-07-06T21:59:12.957+0900 [DEBUG] [org.gradle.launcher.daemon.server.exec.ExecuteBuild] The daemon has finished executing the build.
2026-07-06T21:59:12.959+0900 [DEBUG] [org.gradle.launcher.daemon.server.DaemonStateCoordinator] daemon stop has been requested. Sleeping until state changes.
2026-07-06T21:59:12.959+0900 [DEBUG] [org.gradle.launcher.daemon.server.DaemonStateCoordinator] Command execution: finished waiting for DaemonCommandExecution[command = Build{id=e1576d7d-a478-4b74-a147-8e358c6b1fc9, currentDir=/Users/a1111/Desktop/ggukbi_Daniel/spring/workspace/Groupware_Chat}, connection = DefaultDaemonConnection: socket connection from /127.0.0.1:55269 to /127.0.0.1:55270]. Result org.gradle.launcher.daemon.server.DaemonStateCoordinator@65ad8b7 with state StopRequested
2026-07-06T21:59:12.959+0900 [DEBUG] [org.gradle.launcher.daemon.server.DaemonStateCoordinator] Command execution: completed DaemonCommandExecution[command = Build{id=e1576d7d-a478-4b74-a147-8e358c6b1fc9, currentDir=/Users/a1111/Desktop/ggukbi_Daniel/spring/workspace/Groupware_Chat}, connection = DefaultDaemonConnection: socket connection from /127.0.0.1:55269 to /127.0.0.1:55270]
2026-07-06T21:59:12.959+0900 [DEBUG] [org.gradle.launcher.daemon.server.DaemonStateCoordinator] resetting idle timer
2026-07-06T21:59:12.959+0900 [DEBUG] [org.gradle.launcher.daemon.server.DaemonStateCoordinator] Marking daemon stopped due to command completed and stop requested. The daemon is not running a build
2026-07-06T21:59:12.959+0900 [DEBUG] [org.gradle.launcher.daemon.server.DaemonStateCoordinator] daemon has stopped.
2026-07-06T21:59:12.959+0900 [DEBUG] [org.gradle.launcher.daemon.server.exec.ReturnResult] Daemon is dispatching the build result: Success[value=org.gradle.launcher.exec.BuildActionResult@72637f3d]
2026-07-06T21:59:12.960+0900 [DEBUG] [org.gradle.launcher.daemon.server.Daemon] stop() called on daemon
2026-07-06T21:59:12.960+0900 [DEBUG] [org.gradle.launcher.daemon.server.SynchronizedDispatchConnection] thread 31: dispatching Success[value=org.gradle.launcher.exec.BuildActionResult@72637f3d]
2026-07-06T21:59:12.960+0900 [INFO] [org.gradle.launcher.daemon.server.Daemon] Stop requested. Daemon is removing its presence from the registry...
2026-07-06T21:59:12.961+0900 [DEBUG] [org.gradle.launcher.daemon.server.exec.CleanUpVirtualFileSystemAfterBuild] Cleaning virtual file system after build finished
2026-07-06T21:59:12.961+0900 [DEBUG] [org.gradle.launcher.daemon.server.SynchronizedDispatchConnection] thread 32: received class org.gradle.launcher.daemon.protocol.CloseInput
2026-07-06T21:59:12.961+0900 [DEBUG] [org.gradle.launcher.daemon.server.DefaultIncomingConnectionHandler] Finishing executing command: Build{id=e1576d7d-a478-4b74-a147-8e358c6b1fc9, currentDir=/Users/a1111/Desktop/ggukbi_Daniel/spring/workspace/Groupware_Chat}
2026-07-06T21:59:12.961+0900 [DEBUG] [org.gradle.launcher.daemon.server.DaemonRegistryUpdater] Removing our presence to clients, eg. removing this address from the registry: [76fdd38a-43cb-4566-9600-ab6c3a285856 port:55269, addresses:[localhost/127.0.0.1]]
2026-07-06T21:59:12.961+0900 [DEBUG] [org.gradle.launcher.daemon.server.DefaultDaemonConnection] thread 32: Received IO message from client: org.gradle.launcher.daemon.protocol.CloseInput@1ab44e17
2026-07-06T21:59:12.962+0900 [DEBUG] [org.gradle.launcher.daemon.registry.PersistentDaemonRegistry] Removing daemon address: [76fdd38a-43cb-4566-9600-ab6c3a285856 port:55269, addresses:[localhost/127.0.0.1]]
2026-07-06T21:59:12.962+0900 [DEBUG] [org.gradle.launcher.daemon.server.SynchronizedDispatchConnection] thread 32: received class org.gradle.launcher.daemon.protocol.Finished
2026-07-06T21:59:12.962+0900 [DEBUG] [org.gradle.launcher.daemon.server.DefaultDaemonConnection] thread 32: Received non-IO message from client: org.gradle.launcher.daemon.protocol.Finished@4d3caa85
2026-07-06T21:59:12.962+0900 [DEBUG] [org.gradle.launcher.daemon.server.DefaultIncomingConnectionHandler] Received finished message: org.gradle.launcher.daemon.protocol.Finished@4d3caa85
2026-07-06T21:59:12.962+0900 [DEBUG] [org.gradle.cache.internal.DefaultFileLockManager] Waiting to acquire exclusive lock on daemon addresses registry.
2026-07-06T21:59:12.962+0900 [DEBUG] [org.gradle.launcher.daemon.server.SynchronizedDispatchConnection] thread 31: stopping connection
2026-07-06T21:59:12.963+0900 [DEBUG] [org.gradle.cache.internal.DefaultFileLockManager] Lock acquired on daemon addresses registry.
2026-07-06T21:59:12.963+0900 [DEBUG] [org.gradle.internal.remote.internal.inet.SocketConnection] Discarding EOFException: java.io.EOFException
2026-07-06T21:59:12.963+0900 [DEBUG] [org.gradle.launcher.daemon.server.SynchronizedDispatchConnection] thread 32: received null
2026-07-06T21:59:12.963+0900 [DEBUG] [org.gradle.cache.internal.DefaultFileLockManager] Releasing lock on daemon addresses registry.
2026-07-06T21:59:12.963+0900 [DEBUG] [org.gradle.launcher.daemon.server.DefaultDaemonConnection] thread 32: Received end-of-input from client.
2026-07-06T21:59:12.964+0900 [DEBUG] [org.gradle.launcher.daemon.server.DaemonRegistryUpdater] Address removed from registry.
2026-07-06T21:59:12.964+0900 [DEBUG] [org.gradle.launcher.daemon.server.SynchronizedDispatchConnection] thread 31: stopping connection
2026-07-06T21:59:12.966+0900 [DEBUG] [org.gradle.cache.internal.LockOnDemandCrossProcessCacheAccess] Releasing file lock for jars (/Users/a1111/Desktop/ggukbi_Daniel/spring/workspace/Groupware_Chat/.gradle-cache/caches/jars-9)
2026-07-06T21:59:12.966+0900 [DEBUG] [org.gradle.cache.internal.DefaultFileLockManager] Releasing lock on jars (/Users/a1111/Desktop/ggukbi_Daniel/spring/workspace/Groupware_Chat/.gradle-cache/caches/jars-9).
2026-07-06T21:59:12.966+0900 [DEBUG] [org.gradle.cache.internal.LockOnDemandCrossProcessCacheAccess] Releasing file lock for file content cache (/Users/a1111/Desktop/ggukbi_Daniel/spring/workspace/Groupware_Chat/.gradle-cache/caches/9.5.1/fileContent)
2026-07-06T21:59:12.966+0900 [DEBUG] [org.gradle.cache.internal.btree.BTreePersistentIndexedCache] Closing cache annotation-processors.bin (/Users/a1111/Desktop/ggukbi_Daniel/spring/workspace/Groupware_Chat/.gradle-cache/caches/9.5.1/fileContent/annotation-processors.bin)
2026-07-06T21:59:12.966+0900 [DEBUG] [org.gradle.cache.internal.DefaultFileLockManager] Releasing lock on file content cache (/Users/a1111/Desktop/ggukbi_Daniel/spring/workspace/Groupware_Chat/.gradle-cache/caches/9.5.1/fileContent).
2026-07-06T21:59:12.966+0900 [DEBUG] [org.gradle.internal.watch.vfs.impl.WatchingVirtualFileSystem] Closing VFS, dropping state
2026-07-06T21:59:12.966+0900 [DEBUG] [org.gradle.cache.internal.DefaultCacheCoordinator] Cache Generated Gradle JARs cache (/Users/a1111/Desktop/ggukbi_Daniel/spring/workspace/Groupware_Chat/.gradle-cache/caches/9.5.1/generated-gradle-jars) was closed 0 times.
2026-07-06T21:59:12.966+0900 [DEBUG] [org.gradle.cache.internal.LockOnDemandCrossProcessCacheAccess] Releasing file lock for artifact cache (/Users/a1111/Desktop/ggukbi_Daniel/spring/workspace/Groupware_Chat/.gradle-cache/caches/modules-2)
2026-07-06T21:59:12.966+0900 [DEBUG] [org.gradle.cache.internal.btree.BTreePersistentIndexedCache] Closing cache module-artifact.bin (/Users/a1111/Desktop/ggukbi_Daniel/spring/workspace/Groupware_Chat/.gradle-cache/caches/modules-2/metadata-2.107/module-artifact.bin)
2026-07-06T21:59:12.966+0900 [DEBUG] [org.gradle.cache.internal.btree.BTreePersistentIndexedCache] Closing cache module-metadata.bin (/Users/a1111/Desktop/ggukbi_Daniel/spring/workspace/Groupware_Chat/.gradle-cache/caches/modules-2/metadata-2.107/module-metadata.bin)
2026-07-06T21:59:12.967+0900 [DEBUG] [org.gradle.cache.internal.btree.BTreePersistentIndexedCache] Closing cache resource-at-url.bin (/Users/a1111/Desktop/ggukbi_Daniel/spring/workspace/Groupware_Chat/.gradle-cache/caches/modules-2/metadata-2.107/resource-at-url.bin)
2026-07-06T21:59:12.967+0900 [DEBUG] [org.gradle.cache.internal.DefaultFileLockManager] Releasing lock on artifact cache (/Users/a1111/Desktop/ggukbi_Daniel/spring/workspace/Groupware_Chat/.gradle-cache/caches/modules-2).
2026-07-06T21:59:12.967+0900 [DEBUG] [org.gradle.cache.internal.LockOnDemandCrossProcessCacheAccess] Releasing file lock for journal cache (/Users/a1111/Desktop/ggukbi_Daniel/spring/workspace/Groupware_Chat/.gradle-cache/caches/journal-1)
2026-07-06T21:59:12.967+0900 [DEBUG] [org.gradle.cache.internal.btree.BTreePersistentIndexedCache] Closing cache file-access.bin (/Users/a1111/Desktop/ggukbi_Daniel/spring/workspace/Groupware_Chat/.gradle-cache/caches/journal-1/file-access.bin)
2026-07-06T21:59:12.967+0900 [DEBUG] [org.gradle.cache.internal.DefaultFileLockManager] Releasing lock on journal cache (/Users/a1111/Desktop/ggukbi_Daniel/spring/workspace/Groupware_Chat/.gradle-cache/caches/journal-1).
2026-07-06T21:59:12.967+0900 [DEBUG] [org.gradle.cache.internal.LockOnDemandCrossProcessCacheAccess] Releasing file lock for file hash cache (/Users/a1111/Desktop/ggukbi_Daniel/spring/workspace/Groupware_Chat/.gradle-cache/caches/9.5.1/fileHashes)
2026-07-06T21:59:12.967+0900 [DEBUG] [org.gradle.cache.internal.btree.BTreePersistentIndexedCache] Closing cache fileHashes.bin (/Users/a1111/Desktop/ggukbi_Daniel/spring/workspace/Groupware_Chat/.gradle-cache/caches/9.5.1/fileHashes/fileHashes.bin)
2026-07-06T21:59:12.967+0900 [DEBUG] [org.gradle.cache.internal.btree.BTreePersistentIndexedCache] Closing cache resourceHashesCache.bin (/Users/a1111/Desktop/ggukbi_Daniel/spring/workspace/Groupware_Chat/.gradle-cache/caches/9.5.1/fileHashes/resourceHashesCache.bin)
2026-07-06T21:59:12.967+0900 [DEBUG] [org.gradle.cache.internal.DefaultFileLockManager] Releasing lock on file hash cache (/Users/a1111/Desktop/ggukbi_Daniel/spring/workspace/Groupware_Chat/.gradle-cache/caches/9.5.1/fileHashes).
2026-07-06T21:59:12.968+0900 [DEBUG] [org.gradle.cache.internal.LockOnDemandCrossProcessCacheAccess] Releasing file lock for Java compile cache (/Users/a1111/Desktop/ggukbi_Daniel/spring/workspace/Groupware_Chat/.gradle-cache/caches/9.5.1/javaCompile)
2026-07-06T21:59:12.968+0900 [DEBUG] [org.gradle.cache.internal.btree.BTreePersistentIndexedCache] Closing cache jarAnalysis.bin (/Users/a1111/Desktop/ggukbi_Daniel/spring/workspace/Groupware_Chat/.gradle-cache/caches/9.5.1/javaCompile/jarAnalysis.bin)
2026-07-06T21:59:12.968+0900 [DEBUG] [org.gradle.cache.internal.btree.BTreePersistentIndexedCache] Closing cache classAnalysis.bin (/Users/a1111/Desktop/ggukbi_Daniel/spring/workspace/Groupware_Chat/.gradle-cache/caches/9.5.1/javaCompile/classAnalysis.bin)
2026-07-06T21:59:12.968+0900 [DEBUG] [org.gradle.cache.internal.DefaultFileLockManager] Releasing lock on Java compile cache (/Users/a1111/Desktop/ggukbi_Daniel/spring/workspace/Groupware_Chat/.gradle-cache/caches/9.5.1/javaCompile).
2026-07-06T21:59:12.969+0900 [DEBUG] [org.gradle.internal.operations.DefaultBuildOperationRunner] Build operation 'Deleting unused version-specific caches in /Users/a1111/Desktop/ggukbi_Daniel/spring/workspace/Groupware_Chat/.gradle-cache/caches' started
2026-07-06T21:59:12.972+0900 [DEBUG] [org.gradle.cache.internal.VersionSpecificCacheCleanupAction] Processed version-specific caches at /Users/a1111/Desktop/ggukbi_Daniel/spring/workspace/Groupware_Chat/.gradle-cache/caches for cleanup in 0.003 secs
2026-07-06T21:59:12.972+0900 [DEBUG] [org.gradle.internal.operations.DefaultBuildOperationRunner] Completing Build operation 'Deleting unused version-specific caches in /Users/a1111/Desktop/ggukbi_Daniel/spring/workspace/Groupware_Chat/.gradle-cache/caches'
2026-07-06T21:59:12.972+0900 [DEBUG] [org.gradle.internal.operations.DefaultBuildOperationRunner] Build operation 'Deleting unused version-specific caches in /Users/a1111/Desktop/ggukbi_Daniel/spring/workspace/Groupware_Chat/.gradle-cache/caches' completed
2026-07-06T21:59:12.972+0900 [DEBUG] [org.gradle.internal.operations.DefaultBuildOperationRunner] Build operation 'Deleting unused Gradle distributions in /Users/a1111/Desktop/ggukbi_Daniel/spring/workspace/Groupware_Chat/.gradle-cache/wrapper/dists' started
2026-07-06T21:59:12.974+0900 [DEBUG] [org.gradle.internal.operations.DefaultBuildOperationRunner] Completing Build operation 'Deleting unused Gradle distributions in /Users/a1111/Desktop/ggukbi_Daniel/spring/workspace/Groupware_Chat/.gradle-cache/wrapper/dists'
2026-07-06T21:59:12.974+0900 [DEBUG] [org.gradle.internal.operations.DefaultBuildOperationRunner] Build operation 'Deleting unused Gradle distributions in /Users/a1111/Desktop/ggukbi_Daniel/spring/workspace/Groupware_Chat/.gradle-cache/wrapper/dists' completed
2026-07-06T21:59:12.974+0900 [DEBUG] [org.gradle.internal.operations.DefaultBuildOperationRunner] Build operation 'Deleting old daemon log files in /Users/a1111/Desktop/ggukbi_Daniel/spring/workspace/Groupware_Chat/.gradle-cache/daemon' started
2026-07-06T21:59:12.974+0900 [DEBUG] [org.gradle.cache.internal.DaemonLogCleanupAction] Processed daemon logs at /Users/a1111/Desktop/ggukbi_Daniel/spring/workspace/Groupware_Chat/.gradle-cache/daemon for cleanup in 0.0 secs
2026-07-06T21:59:12.974+0900 [DEBUG] [org.gradle.internal.operations.DefaultBuildOperationRunner] Completing Build operation 'Deleting old daemon log files in /Users/a1111/Desktop/ggukbi_Daniel/spring/workspace/Groupware_Chat/.gradle-cache/daemon'
2026-07-06T21:59:12.974+0900 [DEBUG] [org.gradle.internal.operations.DefaultBuildOperationRunner] Build operation 'Deleting old daemon log files in /Users/a1111/Desktop/ggukbi_Daniel/spring/workspace/Groupware_Chat/.gradle-cache/daemon' completed
2026-07-06T21:59:12.974+0900 [DEBUG] [org.gradle.launcher.daemon.server.Daemon] stop() called on daemon
2026-07-06T21:59:12.974+0900 [INFO] [org.gradle.launcher.daemon.server.Daemon] Stop requested. Daemon is removing its presence from the registry...
2026-07-06T21:59:12.974+0900 [DEBUG] [org.gradle.launcher.daemon.server.DaemonRegistryUpdater] Removing our presence to clients, eg. removing this address from the registry: [76fdd38a-43cb-4566-9600-ab6c3a285856 port:55269, addresses:[localhost/127.0.0.1]]
2026-07-06T21:59:12.974+0900 [DEBUG] [org.gradle.launcher.daemon.registry.PersistentDaemonRegistry] Removing daemon address: [76fdd38a-43cb-4566-9600-ab6c3a285856 port:55269, addresses:[localhost/127.0.0.1]]
2026-07-06T21:59:12.974+0900 [DEBUG] [org.gradle.cache.internal.DefaultFileLockManager] Waiting to acquire exclusive lock on daemon addresses registry.
2026-07-06T21:59:12.975+0900 [DEBUG] [org.gradle.cache.internal.DefaultFileLockManager] Lock acquired on daemon addresses registry.
2026-07-06T21:59:12.975+0900 [DEBUG] [org.gradle.cache.internal.DefaultFileLockManager] Releasing lock on daemon addresses registry.
2026-07-06T21:59:12.975+0900 [DEBUG] [org.gradle.launcher.daemon.server.DaemonRegistryUpdater] Address removed from registry.
2026-07-06T21:59:12.975+0900 [DEBUG] [org.gradle.cache.internal.locklistener.DefaultFileLockContentionHandler] File lock listener thread completed.
2026-07-06T21:59:12.976+0900 [DEBUG] [java.lang.Runtime] Runtime.exit() called with status: 0
java.lang.Throwable: Runtime.exit(0)
	at java.base/java.lang.Shutdown.logRuntimeExit(Shutdown.java:179)
	at java.base/java.lang.Shutdown.exit(Shutdown.java:160)
	at java.base/java.lang.Runtime.exit(Runtime.java:188)
	at java.base/java.lang.System.exit(System.java:1921)
	at org.gradle.launcher.bootstrap.ProcessCompleter.complete(ProcessCompleter.java:21)
	at org.gradle.launcher.bootstrap.EntryPoint.run(EntryPoint.java:62)
	at java.base/jdk.internal.reflect.DirectMethodHandleAccessor.invoke(DirectMethodHandleAccessor.java:103)
	at java.base/java.lang.reflect.Method.invoke(Method.java:580)
	at org.gradle.launcher.bootstrap.ProcessBootstrap.runNoExit(ProcessBootstrap.java:72)
	at org.gradle.launcher.bootstrap.ProcessBootstrap.run(ProcessBootstrap.java:39)
	at org.gradle.launcher.daemon.bootstrap.GradleDaemon.main(GradleDaemon.java:22)
Daemon vm is shutting down... The daemon has exited normally or was terminated in response to a user interrupt.
2026-07-06T21:59:12.977+0900 [DEBUG] [org.gradle.launcher.daemon.registry.PersistentDaemonRegistry] Removing daemon address: [76fdd38a-43cb-4566-9600-ab6c3a285856 port:55269, addresses:[localhost/127.0.0.1]]
2026-07-06T21:59:12.977+0900 [DEBUG] [org.gradle.launcher.daemon.server.Daemon] VM shutdown hook was unable to remove the daemon address from the registry. It will be cleaned up later.
java.lang.IllegalStateException: Cannot start managing file contention because this handler has been closed.
	at org.gradle.cache.internal.locklistener.DefaultFileLockContentionHandler.assertNotStopped(DefaultFileLockContentionHandler.java:267)
	at org.gradle.cache.internal.locklistener.DefaultFileLockContentionHandler.reservePort(DefaultFileLockContentionHandler.java:312)
	at org.gradle.cache.internal.DefaultFileLockManager.lock(DefaultFileLockManager.java:127)
	at org.gradle.cache.internal.DefaultFileLockManager.lock(DefaultFileLockManager.java:109)
	at org.gradle.cache.internal.DefaultFileLockManager.lock(DefaultFileLockManager.java:104)
	at org.gradle.cache.internal.OnDemandFileAccess.updateFile(OnDemandFileAccess.java:51)
	at org.gradle.cache.internal.FileBackedObjectHolder.update(FileBackedObjectHolder.java:77)
	at org.gradle.cache.internal.FileIntegrityViolationSuppressingObjectHolderDecorator.lambda$update$0(FileIntegrityViolationSuppressingObjectHolderDecorator.java:48)
	at org.gradle.cache.internal.FileIntegrityViolationSuppressingObjectHolderDecorator.doUpdate(FileIntegrityViolationSuppressingObjectHolderDecorator.java:58)
	at org.gradle.cache.internal.FileIntegrityViolationSuppressingObjectHolderDecorator.update(FileIntegrityViolationSuppressingObjectHolderDecorator.java:48)
	at org.gradle.launcher.daemon.registry.PersistentDaemonRegistry.remove(PersistentDaemonRegistry.java:133)
	at org.gradle.launcher.daemon.server.Daemon$1.run(Daemon.java:133)
	at java.base/java.lang.Thread.run(Thread.java:1583)
