2026-07-06T22:31:30.789+0900 [DEBUG] [org.gradle.launcher.daemon.bootstrap.DaemonMain] Assuming the daemon was started with following jvm opts: [-XX:MaxMetaspaceSize=384m, -XX:+HeapDumpOnOutOfMemoryError, -Xms256m, -Xmx512m, -Dfile.encoding=UTF-8, -Duser.country=KR, -Duser.language=ko, -Duser.variant]
2026-07-06T22:31:30.856+0900 [DEBUG] [org.gradle.internal.remote.internal.inet.InetAddresses] Adding IP addresses for network interface utun3
2026-07-06T22:31:30.856+0900 [DEBUG] [org.gradle.internal.remote.internal.inet.InetAddresses] Is this a loopback interface? false
2026-07-06T22:31:30.856+0900 [DEBUG] [org.gradle.internal.remote.internal.inet.InetAddresses] Adding remote address /fe80:0:0:0:ce81:b1c:bd2c:69e%utun3
2026-07-06T22:31:30.857+0900 [DEBUG] [org.gradle.internal.remote.internal.inet.InetAddresses] Adding IP addresses for network interface utun2
2026-07-06T22:31:30.857+0900 [DEBUG] [org.gradle.internal.remote.internal.inet.InetAddresses] Is this a loopback interface? false
2026-07-06T22:31:30.857+0900 [DEBUG] [org.gradle.internal.remote.internal.inet.InetAddresses] Adding remote address /fe80:0:0:0:335:4043:fe25:74e3%utun2
2026-07-06T22:31:30.857+0900 [DEBUG] [org.gradle.internal.remote.internal.inet.InetAddresses] Adding IP addresses for network interface utun1
2026-07-06T22:31:30.858+0900 [DEBUG] [org.gradle.internal.remote.internal.inet.InetAddresses] Is this a loopback interface? false
2026-07-06T22:31:30.858+0900 [DEBUG] [org.gradle.internal.remote.internal.inet.InetAddresses] Adding remote address /fe80:0:0:0:e821:ca88:e5b6:ab3%utun1
2026-07-06T22:31:30.858+0900 [DEBUG] [org.gradle.internal.remote.internal.inet.InetAddresses] Adding IP addresses for network interface llw0
2026-07-06T22:31:30.858+0900 [DEBUG] [org.gradle.internal.remote.internal.inet.InetAddresses] Is this a loopback interface? false
2026-07-06T22:31:30.858+0900 [DEBUG] [org.gradle.internal.remote.internal.inet.InetAddresses] Adding remote address /fe80:0:0:0:303c:12ff:fe6c:a366%llw0
2026-07-06T22:31:30.858+0900 [DEBUG] [org.gradle.internal.remote.internal.inet.InetAddresses] Adding IP addresses for network interface awdl0
2026-07-06T22:31:30.859+0900 [DEBUG] [org.gradle.internal.remote.internal.inet.InetAddresses] Is this a loopback interface? false
2026-07-06T22:31:30.859+0900 [DEBUG] [org.gradle.internal.remote.internal.inet.InetAddresses] Adding remote address /fe80:0:0:0:303c:12ff:fe6c:a366%awdl0
2026-07-06T22:31:30.859+0900 [DEBUG] [org.gradle.internal.remote.internal.inet.InetAddresses] Adding IP addresses for network interface utun0
2026-07-06T22:31:30.859+0900 [DEBUG] [org.gradle.internal.remote.internal.inet.InetAddresses] Is this a loopback interface? false
2026-07-06T22:31:30.859+0900 [DEBUG] [org.gradle.internal.remote.internal.inet.InetAddresses] Adding remote address /fe80:0:0:0:22a4:85a2:9206:3210%utun0
2026-07-06T22:31:30.860+0900 [DEBUG] [org.gradle.internal.remote.internal.inet.InetAddresses] Adding IP addresses for network interface en0
2026-07-06T22:31:30.860+0900 [DEBUG] [org.gradle.internal.remote.internal.inet.InetAddresses] Is this a loopback interface? false
2026-07-06T22:31:30.860+0900 [DEBUG] [org.gradle.internal.remote.internal.inet.InetAddresses] Adding remote address /fe80:0:0:0:ceb:115e:174f:2f06%en0
2026-07-06T22:31:30.860+0900 [DEBUG] [org.gradle.internal.remote.internal.inet.InetAddresses] Adding remote address /172.30.1.48
2026-07-06T22:31:30.860+0900 [DEBUG] [org.gradle.internal.remote.internal.inet.InetAddresses] Adding IP addresses for network interface lo0
2026-07-06T22:31:30.860+0900 [DEBUG] [org.gradle.internal.remote.internal.inet.InetAddresses] Is this a loopback interface? true
2026-07-06T22:31:30.861+0900 [DEBUG] [org.gradle.internal.remote.internal.inet.InetAddresses] Ignoring remote address on loopback interface /fe80:0:0:0:0:0:0:1%lo0
2026-07-06T22:31:30.861+0900 [DEBUG] [org.gradle.internal.remote.internal.inet.InetAddresses] Adding loopback address /0:0:0:0:0:0:0:1%lo0
2026-07-06T22:31:30.861+0900 [DEBUG] [org.gradle.internal.remote.internal.inet.InetAddresses] Adding loopback address /127.0.0.1
2026-07-06T22:31:30.908+0900 [INFO] [org.gradle.launcher.daemon.server.Daemon] start() called on daemon - DefaultDaemonContext[uid=b21550ac-e362-42b6-bf87-8d9b2b0ab749,javaHome=/Library/Java/JavaVirtualMachines/jdk-21.jdk/Contents/Home,javaVersion=21,javaVendor=Oracle Corporation,daemonRegistryDir=/Users/a1111/Desktop/ggukbi_Daniel/spring/workspace/Groupware_Chat/.gradle-cache/daemon,pid=51788,idleTimeout=120000,priority=NORMAL,applyInstrumentationAgent=true,nativeServicesMode=ENABLED,daemonOpts=-XX:MaxMetaspaceSize=384m,-XX:+HeapDumpOnOutOfMemoryError,-Xms256m,-Xmx512m,-Dfile.encoding=UTF-8,-Duser.country=KR,-Duser.language=ko,-Duser.variant]
2026-07-06T22:31:30.912+0900 [DEBUG] [org.gradle.internal.remote.internal.inet.TcpIncomingConnector] Listening on [744b2e17-cd7c-41a6-a048-606c963bc75e port:55880, addresses:[localhost/127.0.0.1]].
2026-07-06T22:31:30.920+0900 [DEBUG] [org.gradle.launcher.daemon.server.Daemon] Daemon starting at: Mon Jul 06 22:31:30 KST 2026, with address: [744b2e17-cd7c-41a6-a048-606c963bc75e port:55880, addresses:[localhost/127.0.0.1]]
2026-07-06T22:31:30.920+0900 [INFO] [org.gradle.launcher.daemon.server.DaemonRegistryUpdater] Advertising the daemon address to the clients: [744b2e17-cd7c-41a6-a048-606c963bc75e port:55880, addresses:[localhost/127.0.0.1]]
2026-07-06T22:31:30.920+0900 [DEBUG] [org.gradle.launcher.daemon.server.DaemonRegistryUpdater] Advertised daemon context: DefaultDaemonContext[uid=b21550ac-e362-42b6-bf87-8d9b2b0ab749,javaHome=/Library/Java/JavaVirtualMachines/jdk-21.jdk/Contents/Home,javaVersion=21,javaVendor=Oracle Corporation,daemonRegistryDir=/Users/a1111/Desktop/ggukbi_Daniel/spring/workspace/Groupware_Chat/.gradle-cache/daemon,pid=51788,idleTimeout=120000,priority=NORMAL,applyInstrumentationAgent=true,nativeServicesMode=ENABLED,daemonOpts=-XX:MaxMetaspaceSize=384m,-XX:+HeapDumpOnOutOfMemoryError,-Xms256m,-Xmx512m,-Dfile.encoding=UTF-8,-Duser.country=KR,-Duser.language=ko,-Duser.variant]
2026-07-06T22:31:30.921+0900 [DEBUG] [org.gradle.launcher.daemon.registry.PersistentDaemonRegistry] Storing daemon address: [744b2e17-cd7c-41a6-a048-606c963bc75e port:55880, addresses:[localhost/127.0.0.1]], context: DefaultDaemonContext[uid=b21550ac-e362-42b6-bf87-8d9b2b0ab749,javaHome=/Library/Java/JavaVirtualMachines/jdk-21.jdk/Contents/Home,javaVersion=21,javaVendor=Oracle Corporation,daemonRegistryDir=/Users/a1111/Desktop/ggukbi_Daniel/spring/workspace/Groupware_Chat/.gradle-cache/daemon,pid=51788,idleTimeout=120000,priority=NORMAL,applyInstrumentationAgent=true,nativeServicesMode=ENABLED,daemonOpts=-XX:MaxMetaspaceSize=384m,-XX:+HeapDumpOnOutOfMemoryError,-Xms256m,-Xmx512m,-Dfile.encoding=UTF-8,-Duser.country=KR,-Duser.language=ko,-Duser.variant]
2026-07-06T22:31:30.924+0900 [DEBUG] [org.gradle.cache.internal.DefaultFileLockManager] Waiting to acquire exclusive lock on daemon addresses registry.
2026-07-06T22:31:30.926+0900 [DEBUG] [org.gradle.cache.internal.DefaultFileLockManager] Lock acquired on daemon addresses registry.
2026-07-06T22:31:30.929+0900 [DEBUG] [org.gradle.cache.internal.DefaultFileLockManager] Releasing lock on daemon addresses registry.
2026-07-06T22:31:30.929+0900 [LIFECYCLE] [org.gradle.launcher.daemon.server.Daemon] Daemon server started.
2026-07-06T22:31:30.930+0900 [DEBUG] [org.gradle.launcher.daemon.bootstrap.DaemonStartupCommunication] Completed writing the daemon greeting. Closing streams...
2026-07-06T22:31:30.934+0900 [DEBUG] [org.gradle.launcher.daemon.server.Daemon] stopOnExpiration() called on daemon
2026-07-06T22:31:30.934+0900 [DEBUG] [org.gradle.launcher.daemon.server.Daemon] awaitExpiration() called on daemon
2026-07-06T22:31:30.934+0900 [DEBUG] [org.gradle.launcher.daemon.server.DaemonStateCoordinator] daemon is running. Sleeping until state changes.
2026-07-06T22:31:30.942+0900 [DEBUG] [org.gradle.internal.remote.internal.inet.TcpIncomingConnector] Accepted connection from /127.0.0.1:55881 to /127.0.0.1:55880.
2026-07-06T22:31:30.956+0900 [DEBUG] [org.gradle.launcher.daemon.server.SynchronizedDispatchConnection] thread 32: received class org.gradle.launcher.daemon.protocol.Build
2026-07-06T22:31:30.956+0900 [DEBUG] [org.gradle.launcher.daemon.server.DefaultDaemonConnection] thread 32: Received non-IO message from client: Build{id=2fe1a4eb-5d9e-45f6-bcf9-29340f8758c0, currentDir=/Users/a1111/Desktop/ggukbi_Daniel/spring/workspace/Groupware_Chat}
2026-07-06T22:31:30.956+0900 [INFO] [org.gradle.launcher.daemon.server.DefaultIncomingConnectionHandler] Received command: Build{id=2fe1a4eb-5d9e-45f6-bcf9-29340f8758c0, currentDir=/Users/a1111/Desktop/ggukbi_Daniel/spring/workspace/Groupware_Chat}.
2026-07-06T22:31:30.956+0900 [DEBUG] [org.gradle.launcher.daemon.server.DefaultIncomingConnectionHandler] Starting executing command: Build{id=2fe1a4eb-5d9e-45f6-bcf9-29340f8758c0, currentDir=/Users/a1111/Desktop/ggukbi_Daniel/spring/workspace/Groupware_Chat} with connection: socket connection from /127.0.0.1:55880 to /127.0.0.1:55881.
2026-07-06T22:31:30.958+0900 [DEBUG] [org.gradle.launcher.daemon.server.DaemonStateCoordinator] Command execution: started DaemonCommandExecution[command = Build{id=2fe1a4eb-5d9e-45f6-bcf9-29340f8758c0, currentDir=/Users/a1111/Desktop/ggukbi_Daniel/spring/workspace/Groupware_Chat}, connection = DefaultDaemonConnection: socket connection from /127.0.0.1:55880 to /127.0.0.1:55881] after 8.0E-4 minutes of idle
2026-07-06T22:31:30.958+0900 [INFO] [org.gradle.launcher.daemon.server.DaemonRegistryUpdater] Marking the daemon as busy, address: [744b2e17-cd7c-41a6-a048-606c963bc75e port:55880, addresses:[localhost/127.0.0.1]]
2026-07-06T22:31:30.958+0900 [DEBUG] [org.gradle.launcher.daemon.registry.PersistentDaemonRegistry] Marking busy by address: [744b2e17-cd7c-41a6-a048-606c963bc75e port:55880, addresses:[localhost/127.0.0.1]]
2026-07-06T22:31:30.958+0900 [DEBUG] [org.gradle.cache.internal.DefaultFileLockManager] Waiting to acquire exclusive lock on daemon addresses registry.
2026-07-06T22:31:30.958+0900 [DEBUG] [org.gradle.cache.internal.DefaultFileLockManager] Lock acquired on daemon addresses registry.
2026-07-06T22:31:30.959+0900 [DEBUG] [org.gradle.cache.internal.DefaultFileLockManager] Releasing lock on daemon addresses registry.
2026-07-06T22:31:30.959+0900 [DEBUG] [org.gradle.launcher.daemon.server.DaemonStateCoordinator] resetting idle timer
2026-07-06T22:31:30.959+0900 [DEBUG] [org.gradle.launcher.daemon.server.DaemonStateCoordinator] daemon is running. Sleeping until state changes.
2026-07-06T22:31:30.960+0900 [INFO] [org.gradle.launcher.daemon.server.exec.StartBuildOrRespondWithBusy] Daemon is about to start building Build{id=2fe1a4eb-5d9e-45f6-bcf9-29340f8758c0, currentDir=/Users/a1111/Desktop/ggukbi_Daniel/spring/workspace/Groupware_Chat}. Dispatching build started information...
2026-07-06T22:31:30.960+0900 [DEBUG] [org.gradle.launcher.daemon.server.SynchronizedDispatchConnection] thread 34: dispatching org.gradle.launcher.daemon.protocol.BuildStarted@33ae906e
2026-07-06T22:31:30.961+0900 [DEBUG] [org.gradle.launcher.daemon.server.exec.EstablishBuildEnvironment] Configuring env variables: [PATH, MallocNanoZone, GIT_PAGER, JAVA_HOME, RUST_LOG, TERM, CODEX_SHELL, LANG, COMMAND_MODE, GH_PAGER, GRADLE_USER_HOME, COLORTERM, LOGNAME, CODEX_THREAD_ID, NO_COLOR, XPC_SERVICE_NAME, PWD, __CFBundleIdentifier, CODEX_CI, CODEX_INTERNAL_ORIGINATOR_OVERRIDE, SHELL, CODEX_SANDBOX_NETWORK_DISABLED, DISABLE_AUTO_UPDATE, PAGER, USER, TMPDIR, ZSH_TMUX_AUTOSTART, LOG_FORMAT, SSH_AUTH_SOCK, XPC_FLAGS, LC_ALL, __CF_USER_TEXT_ENCODING, ZSH_TMUX_AUTOSTARTED, LC_CTYPE, SHLVL, HOME]
2026-07-06T22:31:30.963+0900 [DEBUG] [org.gradle.launcher.daemon.server.exec.LogToClient] About to start relaying all logs to the client via the connection.
2026-07-06T22:31:30.963+0900 [INFO] [org.gradle.launcher.daemon.server.exec.LogToClient] The client will now receive all logging from the daemon (pid: 51788). The daemon log file: /Users/a1111/Desktop/ggukbi_Daniel/spring/workspace/Groupware_Chat/.gradle-cache/daemon/9.5.1/daemon-51788.out.log
2026-07-06T22:31:30.964+0900 [DEBUG] [org.gradle.launcher.daemon.server.exec.RequestStopIfSingleUsedDaemon] Requesting daemon stop after processing Build{id=2fe1a4eb-5d9e-45f6-bcf9-29340f8758c0, currentDir=/Users/a1111/Desktop/ggukbi_Daniel/spring/workspace/Groupware_Chat}
2026-07-06T22:31:30.964+0900 [LIFECYCLE] [org.gradle.launcher.daemon.server.DaemonStateCoordinator] Daemon will be stopped at the end of the build 
2026-07-06T22:31:30.964+0900 [DEBUG] [org.gradle.launcher.daemon.server.DaemonStateCoordinator] Stop as soon as idle requested. The daemon is busy
2026-07-06T22:31:30.964+0900 [DEBUG] [org.gradle.launcher.daemon.server.DaemonStateCoordinator] daemon stop has been requested. Sleeping until state changes.
2026-07-06T22:31:30.966+0900 [DEBUG] [org.gradle.launcher.daemon.server.exec.ExecuteBuild] The daemon has started executing the build.
2026-07-06T22:31:30.966+0900 [DEBUG] [org.gradle.launcher.daemon.server.exec.ExecuteBuild] Executing build with daemon context: DefaultDaemonContext[uid=b21550ac-e362-42b6-bf87-8d9b2b0ab749,javaHome=/Library/Java/JavaVirtualMachines/jdk-21.jdk/Contents/Home,javaVersion=21,javaVendor=Oracle Corporation,daemonRegistryDir=/Users/a1111/Desktop/ggukbi_Daniel/spring/workspace/Groupware_Chat/.gradle-cache/daemon,pid=51788,idleTimeout=120000,priority=NORMAL,applyInstrumentationAgent=true,nativeServicesMode=ENABLED,daemonOpts=-XX:MaxMetaspaceSize=384m,-XX:+HeapDumpOnOutOfMemoryError,-Xms256m,-Xmx512m,-Dfile.encoding=UTF-8,-Duser.country=KR,-Duser.language=ko,-Duser.variant]

  .   ____          _            __ _ _
 /\\ / ___'_ __ _ _(_)_ __  __ _ \ \ \ \
( ( )\___ | '_ | '_| | '_ \/ _` | \ \ \ \
 \\/  ___)| |_)| | | | | || (_| |  ) ) ) )
  '  |____| .__|_| |_|_| |_\__, | / / / /
 =========|_|==============|___/=/_/_/_/

 :: Spring Boot ::                (v4.1.0)

2026-07-06T22:31:33.985+09:00  INFO 51968 --- [Groupware_Chat] [           main] c.e.G.GroupwareChatApplication           : Starting GroupwareChatApplication using Java 21.0.11 with PID 51968 (/Users/a1111/Desktop/ggukbi_Daniel/spring/workspace/Groupware_Chat/build/classes/java/main started by a1111 in /Users/a1111/Desktop/ggukbi_Daniel/spring/workspace/Groupware_Chat)
2026-07-06T22:31:33.987+09:00  INFO 51968 --- [Groupware_Chat] [           main] c.e.G.GroupwareChatApplication           : No active profile set, falling back to 1 default profile: "default"
2026-07-06T22:31:34.438+09:00  INFO 51968 --- [Groupware_Chat] [           main] o.s.boot.tomcat.TomcatWebServer          : Tomcat initialized with port 8822 (http)
2026-07-06T22:31:34.446+09:00  INFO 51968 --- [Groupware_Chat] [           main] o.apache.catalina.core.StandardService   : Starting service [Tomcat]
2026-07-06T22:31:34.446+09:00  INFO 51968 --- [Groupware_Chat] [           main] o.apache.catalina.core.StandardEngine    : Starting Servlet engine: [Apache Tomcat/11.0.22]
2026-07-06T22:31:34.465+09:00  INFO 51968 --- [Groupware_Chat] [           main] b.w.c.s.WebApplicationContextInitializer : Root WebApplicationContext: initialization completed in 451 ms
2026-07-06T22:31:34.809+09:00  INFO 51968 --- [Groupware_Chat] [           main] o.s.m.s.b.SimpleBrokerMessageHandler     : Starting...
2026-07-06T22:31:34.809+09:00  INFO 51968 --- [Groupware_Chat] [           main] o.s.m.s.b.SimpleBrokerMessageHandler     : BrokerAvailabilityEvent[available=true, SimpleBrokerMessageHandler [org.springframework.messaging.simp.broker.DefaultSubscriptionRegistry@6e95973c]]
2026-07-06T22:31:34.809+09:00  INFO 51968 --- [Groupware_Chat] [           main] o.s.m.s.b.SimpleBrokerMessageHandler     : Started.
2026-07-06T22:31:34.824+09:00  INFO 51968 --- [Groupware_Chat] [           main] o.s.boot.tomcat.TomcatWebServer          : Tomcat started on port 8822 (http) with context path '/'
2026-07-06T22:31:34.827+09:00  INFO 51968 --- [Groupware_Chat] [           main] c.e.G.GroupwareChatApplication           : Started GroupwareChatApplication in 1.029 seconds (process running for 1.232)
2026-07-06T22:32:34.836+09:00  INFO 51968 --- [Groupware_Chat] [MessageBroker-1] o.s.w.s.c.WebSocketMessageBrokerStats    : WebSocketSession[0 current WS(0)-HttpStream(0)-HttpPoll(0), 0 total, 0 closed abnormally (0 connect failure, 0 send limit, 0 transport error)], stompSubProtocol[processed CONNECT(0)-CONNECTED(0)-DISCONNECT(0)], stompBrokerRelay[null], inboundChannel[pool size = 0, active threads = 0, queued tasks = 0, completed tasks = 0], outboundChannel[pool size = 0, active threads = 0, queued tasks = 0, completed tasks = 0], sockJsScheduler[pool size = 1, active threads = 1, queued tasks = 0, completed tasks = 0]
2026-07-06T22:32:47.983+09:00  INFO 51968 --- [Groupware_Chat] [nio-8822-exec-1] o.a.c.c.C.[Tomcat].[localhost].[/]       : Initializing Spring DispatcherServlet 'dispatcherServlet'
2026-07-06T22:32:47.983+09:00  INFO 51968 --- [Groupware_Chat] [nio-8822-exec-1] o.s.web.servlet.DispatcherServlet        : Initializing Servlet 'dispatcherServlet'
2026-07-06T22:32:47.985+09:00  INFO 51968 --- [Groupware_Chat] [nio-8822-exec-1] o.s.web.servlet.DispatcherServlet        : Completed initialization in 2 ms
2026-07-06T22:33:35.210+09:00  INFO 51968 --- [Groupware_Chat] [nio-8822-exec-7] com.zaxxer.hikari.HikariDataSource       : HikariPool-1 - Starting...
2026-07-06T22:33:35.370+09:00  INFO 51968 --- [Groupware_Chat] [nio-8822-exec-7] com.zaxxer.hikari.pool.HikariPool        : HikariPool-1 - Added connection com.mysql.cj.jdbc.ConnectionImpl@40f6eb9d
2026-07-06T22:33:35.371+09:00  INFO 51968 --- [Groupware_Chat] [nio-8822-exec-7] com.zaxxer.hikari.HikariDataSource       : HikariPool-1 - Start completed.
thread 32: client disconnection detected, canceling the build
Daemon is stopping immediately the build was canceled after a stop was requested
Unable to execute command Build{id=2fe1a4eb-5d9e-45f6-bcf9-29340f8758c0, currentDir=/Users/a1111/Desktop/ggukbi_Daniel/spring/workspace/Groupware_Chat} from socket connection from /127.0.0.1:55880 to /127.0.0.1:55881. Dispatching the failure to the daemon client
org.gradle.internal.remote.internal.MessageIOException: Could not write message Failure[value=org.gradle.launcher.daemon.server.api.DaemonStoppedException: Gradle build daemon has been stopped: the build was canceled after a stop was requested] to '/127.0.0.1:55881'.
	at org.gradle.internal.remote.internal.inet.SocketConnection.dispatch(SocketConnection.java:132)
	at org.gradle.launcher.daemon.server.SynchronizedDispatchConnection.dispatchAndFlush(SynchronizedDispatchConnection.java:56)
	at org.gradle.launcher.daemon.server.DefaultDaemonConnection.completed(DefaultDaemonConnection.java:150)
	at org.gradle.launcher.daemon.server.exec.StartBuildOrRespondWithBusy.doBuild(StartBuildOrRespondWithBusy.java:61)
	at org.gradle.launcher.daemon.server.exec.BuildCommandOnly.execute(BuildCommandOnly.java:37)
	at org.gradle.launcher.daemon.server.api.DaemonCommandExecution.proceed(DaemonCommandExecution.java:104)
	at org.gradle.launcher.daemon.server.exec.ReturnResult.execute(ReturnResult.java:36)
	at org.gradle.launcher.daemon.server.api.DaemonCommandExecution.proceed(DaemonCommandExecution.java:104)
	at org.gradle.launcher.daemon.server.exec.CleanUpVirtualFileSystemAfterBuild.doBuild(CleanUpVirtualFileSystemAfterBuild.java:58)
	at org.gradle.launcher.daemon.server.exec.BuildCommandOnly.execute(BuildCommandOnly.java:37)
	at org.gradle.launcher.daemon.server.api.DaemonCommandExecution.proceed(DaemonCommandExecution.java:104)
	at org.gradle.launcher.daemon.server.api.HandleReportStatus.execute(HandleReportStatus.java:35)
	at org.gradle.launcher.daemon.server.api.DaemonCommandExecution.proceed(DaemonCommandExecution.java:104)
	at org.gradle.launcher.daemon.server.exec.HandleCancel.execute(HandleCancel.java:39)
	at org.gradle.launcher.daemon.server.api.DaemonCommandExecution.proceed(DaemonCommandExecution.java:104)
	at org.gradle.launcher.daemon.server.api.HandleInvalidateVirtualFileSystem.execute(HandleInvalidateVirtualFileSystem.java:46)
	at org.gradle.launcher.daemon.server.api.DaemonCommandExecution.proceed(DaemonCommandExecution.java:104)
	at org.gradle.launcher.daemon.server.api.HandleStop.execute(HandleStop.java:46)
	at org.gradle.launcher.daemon.server.api.DaemonCommandExecution.proceed(DaemonCommandExecution.java:104)
	at org.gradle.launcher.daemon.server.exec.DaemonCommandExecuter.executeCommand(DaemonCommandExecuter.java:55)
	at org.gradle.launcher.daemon.server.DefaultIncomingConnectionHandler$ConnectionWorker.handleCommand(DefaultIncomingConnectionHandler.java:161)
	at org.gradle.launcher.daemon.server.DefaultIncomingConnectionHandler$ConnectionWorker.receiveAndHandleCommand(DefaultIncomingConnectionHandler.java:134)
	at org.gradle.launcher.daemon.server.DefaultIncomingConnectionHandler$ConnectionWorker.run(DefaultIncomingConnectionHandler.java:122)
	at org.gradle.internal.concurrent.ExecutorPolicy$CatchAndRecordFailures.onExecute(ExecutorPolicy.java:64)
	at org.gradle.internal.concurrent.AbstractManagedExecutor$1.run(AbstractManagedExecutor.java:47)
	at java.base/java.util.concurrent.ThreadPoolExecutor.runWorker(ThreadPoolExecutor.java:1144)
	at java.base/java.util.concurrent.ThreadPoolExecutor$Worker.run(ThreadPoolExecutor.java:642)
	at java.base/java.lang.Thread.run(Thread.java:1583)
Caused by: com.esotericsoftware.kryo.KryoException: java.io.IOException: Broken pipe
	at com.esotericsoftware.kryo.io.Output.flush(Output.java:165)
	at com.esotericsoftware.kryo.io.Output.require(Output.java:142)
	at com.esotericsoftware.kryo.io.Output.writeBytes(Output.java:228)
	at org.gradle.internal.serialize.kryo.KryoBackedEncoder.writeBytes(KryoBackedEncoder.java:49)
	at org.gradle.internal.serialize.AbstractEncoder$EncoderStream.write(AbstractEncoder.java:94)
	at java.base/java.io.ObjectOutputStream$BlockDataOutputStream.drain(ObjectOutputStream.java:1899)
	at java.base/java.io.ObjectOutputStream$BlockDataOutputStream.flush(ObjectOutputStream.java:1844)
	at java.base/java.io.ObjectOutputStream.flush(ObjectOutputStream.java:736)
	at org.gradle.internal.serialize.Message.send(Message.java:38)
	at org.gradle.internal.serialize.BaseSerializerFactory$ThrowableSerializer.write(BaseSerializerFactory.java:314)
	at org.gradle.internal.serialize.BaseSerializerFactory$ThrowableSerializer.write(BaseSerializerFactory.java:306)
	at org.gradle.launcher.daemon.protocol.DaemonMessageSerializer$FailureSerializer.write(DaemonMessageSerializer.java:199)
	at org.gradle.launcher.daemon.protocol.DaemonMessageSerializer$FailureSerializer.write(DaemonMessageSerializer.java:190)
	at org.gradle.internal.serialize.DefaultSerializerRegistry$TaggedTypeSerializer.write(DefaultSerializerRegistry.java:171)
	at org.gradle.internal.serialize.Serializers$StatefulSerializerAdapter$2.write(Serializers.java:46)
	at org.gradle.internal.remote.internal.inet.SocketConnection.dispatch(SocketConnection.java:124)
	... 27 more
Caused by: java.io.IOException: Broken pipe
	at java.base/sun.nio.ch.SocketDispatcher.write0(Native Method)
	at java.base/sun.nio.ch.SocketDispatcher.write(SocketDispatcher.java:62)
	at java.base/sun.nio.ch.IOUtil.writeFromNativeBuffer(IOUtil.java:137)
	at java.base/sun.nio.ch.IOUtil.write(IOUtil.java:81)
	at java.base/sun.nio.ch.IOUtil.write(IOUtil.java:58)
	at java.base/sun.nio.ch.SocketChannelImpl.write(SocketChannelImpl.java:542)
	at org.gradle.internal.remote.internal.inet.SocketConnection$SocketOutputStream.writeWithNonBlockingRetry(SocketConnection.java:282)
	at org.gradle.internal.remote.internal.inet.SocketConnection$SocketOutputStream.writeBufferToChannel(SocketConnection.java:269)
	at org.gradle.internal.remote.internal.inet.SocketConnection$SocketOutputStream.write(SocketConnection.java:255)
	at com.esotericsoftware.kryo.io.Output.flush(Output.java:163)
	... 42 more
Daemon vm is shutting down... The daemon has exited normally or was terminated in response to a user interrupt.
Remove shutdown hook failed
java.lang.IllegalStateException: Shutdown in progress
	at java.base/java.lang.ApplicationShutdownHooks.remove(ApplicationShutdownHooks.java:83)
	at java.base/java.lang.Runtime.removeShutdownHook(Runtime.java:281)
	at org.gradle.process.internal.shutdown.ShutdownHooks.removeShutdownHook(ShutdownHooks.java:38)
	at org.gradle.process.internal.DefaultExecHandle.setEndStateInfo(DefaultExecHandle.java:212)
	at org.gradle.process.internal.DefaultExecHandle.aborted(DefaultExecHandle.java:408)
	at org.gradle.process.internal.ExecHandleRunner.completed(ExecHandleRunner.java:211)
	at org.gradle.process.internal.ExecHandleRunner.lambda$run$2(ExecHandleRunner.java:176)
	at org.gradle.internal.operations.CurrentBuildOperationRef.with(CurrentBuildOperationRef.java:84)
	at org.gradle.process.internal.ExecHandleRunner.run(ExecHandleRunner.java:174)
	at org.gradle.internal.concurrent.ExecutorPolicy$CatchAndRecordFailures.onExecute(ExecutorPolicy.java:64)
	at org.gradle.internal.concurrent.AbstractManagedExecutor$1.run(AbstractManagedExecutor.java:47)
	at java.base/java.util.concurrent.ThreadPoolExecutor.runWorker(ThreadPoolExecutor.java:1144)
	at java.base/java.util.concurrent.ThreadPoolExecutor$Worker.run(ThreadPoolExecutor.java:642)
	at java.base/java.lang.Thread.run(Thread.java:1583)
